{"numFailedTestSuites":6,"numFailedTests":47,"numPassedTestSuites":9,"numPassedTests":215,"numPendingTestSuites":0,"numPendingTests":0,"numRuntimeErrorTestSuites":1,"numTodoTests":0,"numTotalTestSuites":15,"numTotalTests":262,"openHandles":[],"snapshot":{"added":0,"didUpdate":false,"failure":false,"filesAdded":0,"filesRemoved":0,"filesRemovedList":[],"filesUnmatched":0,"filesUpdated":0,"matched":0,"total":0,"unchecked":0,"uncheckedKeysByFile":[],"unmatched":0,"updated":0},"startTime":1752819018512,"success":false,"testResults":[{"assertionResults":[{"ancestorTitles":["RyuAgent - Integrity Guardian","Initialization"],"duration":12,"failureDetails":[],"failureMessages":[],"fullName":"RyuAgent - Integrity Guardian Initialization should have correct role and dependencies","invocations":1,"location":{"column":5,"line":12},"numPassingAsserts":2,"retryReasons":[],"status":"passed","title":"should have correct role and dependencies"},{"ancestorTitles":["RyuAgent - Integrity Guardian","Initialization"],"duration":0,"failureDetails":[],"failureMessages":[],"fullName":"RyuAgent - Integrity Guardian Initialization should have correct id","invocations":1,"location":{"column":5,"line":17},"numPassingAsserts":1,"retryReasons":[],"status":"passed","title":"should have correct id"},{"ancestorTitles":["RyuAgent - Integrity Guardian","Integrity Validation"],"duration":109,"failureDetails":[{"matcherResult":{"actual":false,"expected":true,"message":"\u001b[2mexpect(\u001b[22m\u001b[31mreceived\u001b[39m\u001b[2m).\u001b[22mtoBe\u001b[2m(\u001b[22m\u001b[32mexpected\u001b[39m\u001b[2m) // Object.is equality\u001b[22m\n\nExpected: \u001b[32mtrue\u001b[39m\nReceived: \u001b[31mfalse\u001b[39m","name":"toBe","pass":false}}],"failureMessages":["Error: \u001b[2mexpect(\u001b[22m\u001b[31mreceived\u001b[39m\u001b[2m).\u001b[22mtoBe\u001b[2m(\u001b[22m\u001b[32mexpected\u001b[39m\u001b[2m) // Object.is equality\u001b[22m\n\nExpected: \u001b[32mtrue\u001b[39m\nReceived: \u001b[31mfalse\u001b[39m\n    at Object.<anonymous> (C:\\Users\\victo\\projeto\\SaaS Workflow\\Test3\\test\\ryuAgent.test.ts:33:29)\n    at processTicksAndRejections (node:internal/process/task_queues:95:5)"],"fullName":"RyuAgent - Integrity Guardian Integrity Validation should validate integrity of valid output","invocations":1,"location":{"column":5,"line":23},"numPassingAsserts":0,"retryReasons":[],"status":"failed","title":"should validate integrity of valid output"},{"ancestorTitles":["RyuAgent - Integrity Guardian","Integrity Validation"],"duration":4,"failureDetails":[],"failureMessages":[],"fullName":"RyuAgent - Integrity Guardian Integrity Validation should reject null output","invocations":1,"location":{"column":5,"line":37},"numPassingAsserts":2,"retryReasons":[],"status":"passed","title":"should reject null output"},{"ancestorTitles":["RyuAgent - Integrity Guardian","Integrity Validation"],"duration":2,"failureDetails":[],"failureMessages":[],"fullName":"RyuAgent - Integrity Guardian Integrity Validation should reject non-object output","invocations":1,"location":{"column":5,"line":45},"numPassingAsserts":2,"retryReasons":[],"status":"passed","title":"should reject non-object output"},{"ancestorTitles":["RyuAgent - Integrity Guardian","Integrity Validation"],"duration":3,"failureDetails":[],"failureMessages":[],"fullName":"RyuAgent - Integrity Guardian Integrity Validation should reject output missing required fields","invocations":1,"location":{"column":5,"line":53},"numPassingAsserts":2,"retryReasons":[],"status":"passed","title":"should reject output missing required fields"},{"ancestorTitles":["RyuAgent - Integrity Guardian","DAG Metadata Management"],"duration":15,"failureDetails":[],"failureMessages":[],"fullName":"RyuAgent - Integrity Guardian DAG Metadata Management should store and retrieve DAG metadata","invocations":1,"location":{"column":5,"line":68},"numPassingAsserts":3,"retryReasons":[],"status":"passed","title":"should store and retrieve DAG metadata"},{"ancestorTitles":["RyuAgent - Integrity Guardian","DAG Metadata Management"],"duration":2,"failureDetails":[],"failureMessages":[],"fullName":"RyuAgent - Integrity Guardian DAG Metadata Management should validate DAG metadata","invocations":1,"location":{"column":5,"line":100},"numPassingAsserts":1,"retryReasons":[],"status":"passed","title":"should validate DAG metadata"},{"ancestorTitles":["RyuAgent - Integrity Guardian","DAG Metadata Management"],"duration":3,"failureDetails":[],"failureMessages":[],"fullName":"RyuAgent - Integrity Guardian DAG Metadata Management should reject invalid DAG metadata","invocations":1,"location":{"column":5,"line":128},"numPassingAsserts":1,"retryReasons":[],"status":"passed","title":"should reject invalid DAG metadata"},{"ancestorTitles":["RyuAgent - Integrity Guardian","Snapshot Management"],"duration":4,"failureDetails":[{"matcherResult":{"actual":"invalid","expected":"valid","message":"\u001b[2mexpect(\u001b[22m\u001b[31mreceived\u001b[39m\u001b[2m).\u001b[22mtoBe\u001b[2m(\u001b[22m\u001b[32mexpected\u001b[39m\u001b[2m) // Object.is equality\u001b[22m\n\nExpected: \u001b[32m\"valid\"\u001b[39m\nReceived: \u001b[31m\"\u001b[7min\u001b[27mvalid\"\u001b[39m","name":"toBe","pass":false}}],"failureMessages":["Error: \u001b[2mexpect(\u001b[22m\u001b[31mreceived\u001b[39m\u001b[2m).\u001b[22mtoBe\u001b[2m(\u001b[22m\u001b[32mexpected\u001b[39m\u001b[2m) // Object.is equality\u001b[22m\n\nExpected: \u001b[32m\"valid\"\u001b[39m\nReceived: \u001b[31m\"\u001b[7min\u001b[27mvalid\"\u001b[39m\n    at Object.<anonymous> (C:\\Users\\victo\\projeto\\SaaS Workflow\\Test3\\test\\ryuAgent.test.ts:177:41)\n    at processTicksAndRejections (node:internal/process/task_queues:95:5)"],"fullName":"RyuAgent - Integrity Guardian Snapshot Management should create snapshots","invocations":1,"location":{"column":5,"line":158},"numPassingAsserts":2,"retryReasons":[],"status":"failed","title":"should create snapshots"},{"ancestorTitles":["RyuAgent - Integrity Guardian","Snapshot Management"],"duration":23,"failureDetails":[{"matcherResult":{"actual":false,"expected":true,"message":"\u001b[2mexpect(\u001b[22m\u001b[31mreceived\u001b[39m\u001b[2m).\u001b[22mtoBe\u001b[2m(\u001b[22m\u001b[32mexpected\u001b[39m\u001b[2m) // Object.is equality\u001b[22m\n\nExpected: \u001b[32mtrue\u001b[39m\nReceived: \u001b[31mfalse\u001b[39m","name":"toBe","pass":false}}],"failureMessages":["Error: \u001b[2mexpect(\u001b[22m\u001b[31mreceived\u001b[39m\u001b[2m).\u001b[22mtoBe\u001b[2m(\u001b[22m\u001b[32mexpected\u001b[39m\u001b[2m) // Object.is equality\u001b[22m\n\nExpected: \u001b[32mtrue\u001b[39m\nReceived: \u001b[31mfalse\u001b[39m\n    at Object.<anonymous> (C:\\Users\\victo\\projeto\\SaaS Workflow\\Test3\\test\\ryuAgent.test.ts:199:30)\n    at processTicksAndRejections (node:internal/process/task_queues:95:5)"],"fullName":"RyuAgent - Integrity Guardian Snapshot Management should restore snapshots","invocations":1,"location":{"column":5,"line":180},"numPassingAsserts":0,"retryReasons":[],"status":"failed","title":"should restore snapshots"},{"ancestorTitles":["RyuAgent - Integrity Guardian","Snapshot Management"],"duration":4,"failureDetails":[{"matcherResult":{"message":"\u001b[2mexpect(\u001b[22m\u001b[31mreceived\u001b[39m\u001b[2m).\u001b[22mtoContain\u001b[2m(\u001b[22m\u001b[32mexpected\u001b[39m\u001b[2m) // indexOf\u001b[22m\n\nExpected value: \u001b[32m\"Snapshot not found\"\u001b[39m\nReceived array: \u001b[31m[\"Snapshot not found: non-existent\"]\u001b[39m","pass":false}}],"failureMessages":["Error: \u001b[2mexpect(\u001b[22m\u001b[31mreceived\u001b[39m\u001b[2m).\u001b[22mtoContain\u001b[2m(\u001b[22m\u001b[32mexpected\u001b[39m\u001b[2m) // indexOf\u001b[22m\n\nExpected value: \u001b[32m\"Snapshot not found\"\u001b[39m\nReceived array: \u001b[31m[\"Snapshot not found: non-existent\"]\u001b[39m\n    at Object.<anonymous> (C:\\Users\\victo\\projeto\\SaaS Workflow\\Test3\\test\\ryuAgent.test.ts:208:29)\n    at processTicksAndRejections (node:internal/process/task_queues:95:5)"],"fullName":"RyuAgent - Integrity Guardian Snapshot Management should handle non-existent snapshot restoration","invocations":1,"location":{"column":5,"line":203},"numPassingAsserts":1,"retryReasons":[],"status":"failed","title":"should handle non-existent snapshot restoration"},{"ancestorTitles":["RyuAgent - Integrity Guardian","Compliance Checking"],"duration":5,"failureDetails":[],"failureMessages":[],"fullName":"RyuAgent - Integrity Guardian Compliance Checking should check system compliance","invocations":1,"location":{"column":5,"line":213},"numPassingAsserts":4,"retryReasons":[],"status":"passed","title":"should check system compliance"},{"ancestorTitles":["RyuAgent - Integrity Guardian","Compliance Checking"],"duration":4,"failureDetails":[],"failureMessages":[],"fullName":"RyuAgent - Integrity Guardian Compliance Checking should validate agent outputs","invocations":1,"location":{"column":5,"line":223},"numPassingAsserts":1,"retryReasons":[],"status":"passed","title":"should validate agent outputs"},{"ancestorTitles":["RyuAgent - Integrity Guardian","Compliance Checking"],"duration":5,"failureDetails":[],"failureMessages":[],"fullName":"RyuAgent - Integrity Guardian Compliance Checking should enforce integrity policies","invocations":1,"location":{"column":5,"line":235},"numPassingAsserts":2,"retryReasons":[],"status":"passed","title":"should enforce integrity policies"},{"ancestorTitles":["RyuAgent - Integrity Guardian","Event Handling"],"duration":3,"failureDetails":[],"failureMessages":[],"fullName":"RyuAgent - Integrity Guardian Event Handling should handle integrity validation events","invocations":1,"location":{"column":5,"line":262},"numPassingAsserts":1,"retryReasons":[],"status":"passed","title":"should handle integrity validation events"},{"ancestorTitles":["RyuAgent - Integrity Guardian","Event Handling"],"duration":18,"failureDetails":[],"failureMessages":[],"fullName":"RyuAgent - Integrity Guardian Event Handling should handle unknown events gracefully","invocations":1,"location":{"column":5,"line":278},"numPassingAsserts":1,"retryReasons":[],"status":"passed","title":"should handle unknown events gracefully"},{"ancestorTitles":["RyuAgent - Integrity Guardian","Lifecycle Management"],"duration":1,"failureDetails":[],"failureMessages":[],"fullName":"RyuAgent - Integrity Guardian Lifecycle Management should initialize correctly","invocations":1,"location":{"column":5,"line":296},"numPassingAsserts":1,"retryReasons":[],"status":"passed","title":"should initialize correctly"},{"ancestorTitles":["RyuAgent - Integrity Guardian","Lifecycle Management"],"duration":1,"failureDetails":[],"failureMessages":[],"fullName":"RyuAgent - Integrity Guardian Lifecycle Management should shutdown gracefully","invocations":1,"location":{"column":5,"line":302},"numPassingAsserts":1,"retryReasons":[],"status":"passed","title":"should shutdown gracefully"},{"ancestorTitles":["RyuAgent - Integrity Guardian","Lifecycle Management"],"duration":1,"failureDetails":[],"failureMessages":[],"fullName":"RyuAgent - Integrity Guardian Lifecycle Management should maintain uptime tracking","invocations":1,"location":{"column":5,"line":309},"numPassingAsserts":1,"retryReasons":[],"status":"passed","title":"should maintain uptime tracking"},{"ancestorTitles":["RyuAgent - Integrity Guardian","Specification and Design"],"duration":3,"failureDetails":[],"failureMessages":[],"fullName":"RyuAgent - Integrity Guardian Specification and Design should validate specifications","invocations":1,"location":{"column":5,"line":317},"numPassingAsserts":1,"retryReasons":[],"status":"passed","title":"should validate specifications"},{"ancestorTitles":["RyuAgent - Integrity Guardian","Specification and Design"],"duration":1,"failureDetails":[],"failureMessages":[],"fullName":"RyuAgent - Integrity Guardian Specification and Design should generate design artifacts","invocations":1,"location":{"column":5,"line":347},"numPassingAsserts":3,"retryReasons":[],"status":"passed","title":"should generate design artifacts"},{"ancestorTitles":["RyuAgent - Integrity Guardian","Specification and Design"],"duration":29,"failureDetails":[],"failureMessages":[],"fullName":"RyuAgent - Integrity Guardian Specification and Design should track user interactions","invocations":1,"location":{"column":5,"line":356},"numPassingAsserts":1,"retryReasons":[],"status":"passed","title":"should track user interactions"},{"ancestorTitles":["RyuAgent - Integrity Guardian","Error Handling"],"duration":1,"failureDetails":[],"failureMessages":[],"fullName":"RyuAgent - Integrity Guardian Error Handling should handle validation errors gracefully","invocations":1,"location":{"column":5,"line":374},"numPassingAsserts":2,"retryReasons":[],"status":"passed","title":"should handle validation errors gracefully"},{"ancestorTitles":["RyuAgent - Integrity Guardian","Error Handling"],"duration":1,"failureDetails":[],"failureMessages":[],"fullName":"RyuAgent - Integrity Guardian Error Handling should handle DAG metadata validation errors","invocations":1,"location":{"column":5,"line":382},"numPassingAsserts":1,"retryReasons":[],"status":"passed","title":"should handle DAG metadata validation errors"}],"endTime":1752819026155,"message":"\u001b[1m\u001b[31m  \u001b[1m● \u001b[22m\u001b[1mRyuAgent - Integrity Guardian › Integrity Validation › should validate integrity of valid output\u001b[39m\u001b[22m\n\n    \u001b[2mexpect(\u001b[22m\u001b[31mreceived\u001b[39m\u001b[2m).\u001b[22mtoBe\u001b[2m(\u001b[22m\u001b[32mexpected\u001b[39m\u001b[2m) // Object.is equality\u001b[22m\n\n    Expected: \u001b[32mtrue\u001b[39m\n    Received: \u001b[31mfalse\u001b[39m\n\u001b[2m\u001b[22m\n\u001b[2m    \u001b[0m \u001b[90m 31 |\u001b[39m       \u001b[22m\n\u001b[2m     \u001b[90m 32 |\u001b[39m       \u001b[36mconst\u001b[39m result \u001b[33m=\u001b[39m ryu\u001b[33m.\u001b[39mvalidateIntegrity(validOutput)\u001b[33m;\u001b[39m\u001b[22m\n\u001b[2m    \u001b[31m\u001b[1m>\u001b[22m\u001b[2m\u001b[39m\u001b[90m 33 |\u001b[39m       expect(result\u001b[33m.\u001b[39mresult)\u001b[33m.\u001b[39mtoBe(\u001b[36mtrue\u001b[39m)\u001b[33m;\u001b[39m\u001b[22m\n\u001b[2m     \u001b[90m    |\u001b[39m                             \u001b[31m\u001b[1m^\u001b[22m\u001b[2m\u001b[39m\u001b[22m\n\u001b[2m     \u001b[90m 34 |\u001b[39m       expect(result\u001b[33m.\u001b[39mconsensus)\u001b[33m.\u001b[39mtoBe(\u001b[36mtrue\u001b[39m)\u001b[33m;\u001b[39m\u001b[22m\n\u001b[2m     \u001b[90m 35 |\u001b[39m     })\u001b[33m;\u001b[39m\u001b[22m\n\u001b[2m     \u001b[90m 36 |\u001b[39m     \u001b[0m\u001b[22m\n\u001b[2m\u001b[22m\n\u001b[2m      \u001b[2mat Object.<anonymous> (\u001b[22m\u001b[2m\u001b[0m\u001b[36mtest/ryuAgent.test.ts\u001b[39m\u001b[0m\u001b[2m:33:29)\u001b[22m\u001b[2m\u001b[22m\n\n\u001b[1m\u001b[31m  \u001b[1m● \u001b[22m\u001b[1mRyuAgent - Integrity Guardian › Snapshot Management › should create snapshots\u001b[39m\u001b[22m\n\n    \u001b[2mexpect(\u001b[22m\u001b[31mreceived\u001b[39m\u001b[2m).\u001b[22mtoBe\u001b[2m(\u001b[22m\u001b[32mexpected\u001b[39m\u001b[2m) // Object.is equality\u001b[22m\n\n    Expected: \u001b[32m\"valid\"\u001b[39m\n    Received: \u001b[31m\"\u001b[7min\u001b[27mvalid\"\u001b[39m\n\u001b[2m\u001b[22m\n\u001b[2m    \u001b[0m \u001b[90m 175 |\u001b[39m       expect(snapshot\u001b[33m.\u001b[39mid)\u001b[33m.\u001b[39mtoBeDefined()\u001b[33m;\u001b[39m\u001b[22m\n\u001b[2m     \u001b[90m 176 |\u001b[39m       expect(snapshot\u001b[33m.\u001b[39magents)\u001b[33m.\u001b[39mtoHaveLength(\u001b[35m1\u001b[39m)\u001b[33m;\u001b[39m\u001b[22m\n\u001b[2m    \u001b[31m\u001b[1m>\u001b[22m\u001b[2m\u001b[39m\u001b[90m 177 |\u001b[39m       expect(snapshot\u001b[33m.\u001b[39mvalidationStatus)\u001b[33m.\u001b[39mtoBe(\u001b[32m'valid'\u001b[39m)\u001b[33m;\u001b[39m\u001b[22m\n\u001b[2m     \u001b[90m     |\u001b[39m                                         \u001b[31m\u001b[1m^\u001b[22m\u001b[2m\u001b[39m\u001b[22m\n\u001b[2m     \u001b[90m 178 |\u001b[39m     })\u001b[33m;\u001b[39m\u001b[22m\n\u001b[2m     \u001b[90m 179 |\u001b[39m     \u001b[22m\n\u001b[2m     \u001b[90m 180 |\u001b[39m     it(\u001b[32m'should restore snapshots'\u001b[39m\u001b[33m,\u001b[39m \u001b[36masync\u001b[39m () \u001b[33m=>\u001b[39m {\u001b[0m\u001b[22m\n\u001b[2m\u001b[22m\n\u001b[2m      \u001b[2mat Object.<anonymous> (\u001b[22m\u001b[2m\u001b[0m\u001b[36mtest/ryuAgent.test.ts\u001b[39m\u001b[0m\u001b[2m:177:41)\u001b[22m\u001b[2m\u001b[22m\n\n\u001b[1m\u001b[31m  \u001b[1m● \u001b[22m\u001b[1mRyuAgent - Integrity Guardian › Snapshot Management › should restore snapshots\u001b[39m\u001b[22m\n\n    \u001b[2mexpect(\u001b[22m\u001b[31mreceived\u001b[39m\u001b[2m).\u001b[22mtoBe\u001b[2m(\u001b[22m\u001b[32mexpected\u001b[39m\u001b[2m) // Object.is equality\u001b[22m\n\n    Expected: \u001b[32mtrue\u001b[39m\n    Received: \u001b[31mfalse\u001b[39m\n\u001b[2m\u001b[22m\n\u001b[2m    \u001b[0m \u001b[90m 197 |\u001b[39m       \u001b[36mconst\u001b[39m result \u001b[33m=\u001b[39m \u001b[36mawait\u001b[39m ryu\u001b[33m.\u001b[39mrestoreSnapshot(snapshot\u001b[33m.\u001b[39mid)\u001b[33m;\u001b[39m\u001b[22m\n\u001b[2m     \u001b[90m 198 |\u001b[39m       \u001b[22m\n\u001b[2m    \u001b[31m\u001b[1m>\u001b[22m\u001b[2m\u001b[39m\u001b[90m 199 |\u001b[39m       expect(result\u001b[33m.\u001b[39msuccess)\u001b[33m.\u001b[39mtoBe(\u001b[36mtrue\u001b[39m)\u001b[33m;\u001b[39m\u001b[22m\n\u001b[2m     \u001b[90m     |\u001b[39m                              \u001b[31m\u001b[1m^\u001b[22m\u001b[2m\u001b[39m\u001b[22m\n\u001b[2m     \u001b[90m 200 |\u001b[39m       expect(result\u001b[33m.\u001b[39msnapshotId)\u001b[33m.\u001b[39mtoBe(snapshot\u001b[33m.\u001b[39mid)\u001b[33m;\u001b[39m\u001b[22m\n\u001b[2m     \u001b[90m 201 |\u001b[39m     })\u001b[33m;\u001b[39m\u001b[22m\n\u001b[2m     \u001b[90m 202 |\u001b[39m     \u001b[0m\u001b[22m\n\u001b[2m\u001b[22m\n\u001b[2m      \u001b[2mat Object.<anonymous> (\u001b[22m\u001b[2m\u001b[0m\u001b[36mtest/ryuAgent.test.ts\u001b[39m\u001b[0m\u001b[2m:199:30)\u001b[22m\u001b[2m\u001b[22m\n\n\u001b[1m\u001b[31m  \u001b[1m● \u001b[22m\u001b[1mRyuAgent - Integrity Guardian › Snapshot Management › should handle non-existent snapshot restoration\u001b[39m\u001b[22m\n\n    \u001b[2mexpect(\u001b[22m\u001b[31mreceived\u001b[39m\u001b[2m).\u001b[22mtoContain\u001b[2m(\u001b[22m\u001b[32mexpected\u001b[39m\u001b[2m) // indexOf\u001b[22m\n\n    Expected value: \u001b[32m\"Snapshot not found\"\u001b[39m\n    Received array: \u001b[31m[\"Snapshot not found: non-existent\"]\u001b[39m\n\u001b[2m\u001b[22m\n\u001b[2m    \u001b[0m \u001b[90m 206 |\u001b[39m       \u001b[36mconst\u001b[39m result \u001b[33m=\u001b[39m \u001b[36mawait\u001b[39m ryu\u001b[33m.\u001b[39mrestoreSnapshot(\u001b[32m'non-existent'\u001b[39m)\u001b[33m;\u001b[39m\u001b[22m\n\u001b[2m     \u001b[90m 207 |\u001b[39m       expect(result\u001b[33m.\u001b[39msuccess)\u001b[33m.\u001b[39mtoBe(\u001b[36mfalse\u001b[39m)\u001b[33m;\u001b[39m\u001b[22m\n\u001b[2m    \u001b[31m\u001b[1m>\u001b[22m\u001b[2m\u001b[39m\u001b[90m 208 |\u001b[39m       expect(result\u001b[33m.\u001b[39merrors)\u001b[33m.\u001b[39mtoContain(\u001b[32m'Snapshot not found'\u001b[39m)\u001b[33m;\u001b[39m\u001b[22m\n\u001b[2m     \u001b[90m     |\u001b[39m                             \u001b[31m\u001b[1m^\u001b[22m\u001b[2m\u001b[39m\u001b[22m\n\u001b[2m     \u001b[90m 209 |\u001b[39m     })\u001b[33m;\u001b[39m\u001b[22m\n\u001b[2m     \u001b[90m 210 |\u001b[39m   })\u001b[33m;\u001b[39m\u001b[22m\n\u001b[2m     \u001b[90m 211 |\u001b[39m   \u001b[0m\u001b[22m\n\u001b[2m\u001b[22m\n\u001b[2m      \u001b[2mat Object.<anonymous> (\u001b[22m\u001b[2m\u001b[0m\u001b[36mtest/ryuAgent.test.ts\u001b[39m\u001b[0m\u001b[2m:208:29)\u001b[22m\u001b[2m\u001b[22m\n","name":"C:\\Users\\victo\\projeto\\SaaS Workflow\\Test3\\test\\ryuAgent.test.ts","startTime":1752819019493,"status":"failed","summary":""},{"assertionResults":[{"ancestorTitles":["BusinessLogicAgent - Business Rule Engine","Initialization"],"duration":33,"failureDetails":[],"failureMessages":[],"fullName":"BusinessLogicAgent - Business Rule Engine Initialization should have correct role and dependencies","invocations":1,"location":{"column":5,"line":12},"numPassingAsserts":2,"retryReasons":[],"status":"passed","title":"should have correct role and dependencies"},{"ancestorTitles":["BusinessLogicAgent - Business Rule Engine","Initialization"],"duration":0,"failureDetails":[],"failureMessages":[],"fullName":"BusinessLogicAgent - Business Rule Engine Initialization should have correct id","invocations":1,"location":{"column":5,"line":17},"numPassingAsserts":1,"retryReasons":[],"status":"passed","title":"should have correct id"},{"ancestorTitles":["BusinessLogicAgent - Business Rule Engine","Business Rule Management"],"duration":83,"failureDetails":[{"matcherResult":{"actual":false,"expected":true,"message":"\u001b[2mexpect(\u001b[22m\u001b[31mreceived\u001b[39m\u001b[2m).\u001b[22mtoBe\u001b[2m(\u001b[22m\u001b[32mexpected\u001b[39m\u001b[2m) // Object.is equality\u001b[22m\n\nExpected: \u001b[32mtrue\u001b[39m\nReceived: \u001b[31mfalse\u001b[39m","name":"toBe","pass":false}}],"failureMessages":["Error: \u001b[2mexpect(\u001b[22m\u001b[31mreceived\u001b[39m\u001b[2m).\u001b[22mtoBe\u001b[2m(\u001b[22m\u001b[32mexpected\u001b[39m\u001b[2m) // Object.is equality\u001b[22m\n\nExpected: \u001b[32mtrue\u001b[39m\nReceived: \u001b[31mfalse\u001b[39m\n    at Object.<anonymous> (C:\\Users\\victo\\projeto\\SaaS Workflow\\Test3\\test\\businessLogicAgent.test.ts:39:22)\n    at processTicksAndRejections (node:internal/process/task_queues:95:5)"],"fullName":"BusinessLogicAgent - Business Rule Engine Business Rule Management should add business rules","invocations":1,"location":{"column":5,"line":23},"numPassingAsserts":0,"retryReasons":[],"status":"failed","title":"should add business rules"},{"ancestorTitles":["BusinessLogicAgent - Business Rule Engine","Business Rule Management"],"duration":5,"failureDetails":[{"matcherResult":{"actual":false,"expected":true,"message":"\u001b[2mexpect(\u001b[22m\u001b[31mreceived\u001b[39m\u001b[2m).\u001b[22mtoBe\u001b[2m(\u001b[22m\u001b[32mexpected\u001b[39m\u001b[2m) // Object.is equality\u001b[22m\n\nExpected: \u001b[32mtrue\u001b[39m\nReceived: \u001b[31mfalse\u001b[39m","name":"toBe","pass":false}}],"failureMessages":["Error: \u001b[2mexpect(\u001b[22m\u001b[31mreceived\u001b[39m\u001b[2m).\u001b[22mtoBe\u001b[2m(\u001b[22m\u001b[32mexpected\u001b[39m\u001b[2m) // Object.is equality\u001b[22m\n\nExpected: \u001b[32mtrue\u001b[39m\nReceived: \u001b[31mfalse\u001b[39m\n    at Object.<anonymous> (C:\\Users\\victo\\projeto\\SaaS Workflow\\Test3\\test\\businessLogicAgent.test.ts:70:30)\n    at processTicksAndRejections (node:internal/process/task_queues:95:5)"],"fullName":"BusinessLogicAgent - Business Rule Engine Business Rule Management should execute business rules","invocations":1,"location":{"column":5,"line":42},"numPassingAsserts":0,"retryReasons":[],"status":"failed","title":"should execute business rules"},{"ancestorTitles":["BusinessLogicAgent - Business Rule Engine","Business Rule Management"],"duration":5,"failureDetails":[{"matcherResult":{"actual":false,"expected":true,"message":"\u001b[2mexpect(\u001b[22m\u001b[31mreceived\u001b[39m\u001b[2m).\u001b[22mtoBe\u001b[2m(\u001b[22m\u001b[32mexpected\u001b[39m\u001b[2m) // Object.is equality\u001b[22m\n\nExpected: \u001b[32mtrue\u001b[39m\nReceived: \u001b[31mfalse\u001b[39m","name":"toBe","pass":false}}],"failureMessages":["Error: \u001b[2mexpect(\u001b[22m\u001b[31mreceived\u001b[39m\u001b[2m).\u001b[22mtoBe\u001b[2m(\u001b[22m\u001b[32mexpected\u001b[39m\u001b[2m) // Object.is equality\u001b[22m\n\nExpected: \u001b[32mtrue\u001b[39m\nReceived: \u001b[31mfalse\u001b[39m\n    at Object.<anonymous> (C:\\Users\\victo\\projeto\\SaaS Workflow\\Test3\\test\\businessLogicAgent.test.ts:90:29)\n    at processTicksAndRejections (node:internal/process/task_queues:95:5)"],"fullName":"BusinessLogicAgent - Business Rule Engine Business Rule Management should validate business rules","invocations":1,"location":{"column":5,"line":74},"numPassingAsserts":0,"retryReasons":[],"status":"failed","title":"should validate business rules"},{"ancestorTitles":["BusinessLogicAgent - Business Rule Engine","Decision Making"],"duration":4,"failureDetails":[],"failureMessages":[],"fullName":"BusinessLogicAgent - Business Rule Engine Decision Making should evaluate decisions","invocations":1,"location":{"column":5,"line":95},"numPassingAsserts":4,"retryReasons":[],"status":"passed","title":"should evaluate decisions"},{"ancestorTitles":["BusinessLogicAgent - Business Rule Engine","Decision Making"],"duration":4,"failureDetails":[],"failureMessages":[],"fullName":"BusinessLogicAgent - Business Rule Engine Decision Making should create decisions","invocations":1,"location":{"column":5,"line":148},"numPassingAsserts":1,"retryReasons":[],"status":"passed","title":"should create decisions"},{"ancestorTitles":["BusinessLogicAgent - Business Rule Engine","Workflow Processing"],"duration":5,"failureDetails":[],"failureMessages":[],"fullName":"BusinessLogicAgent - Business Rule Engine Workflow Processing should process business workflows","invocations":1,"location":{"column":5,"line":183},"numPassingAsserts":3,"retryReasons":[],"status":"passed","title":"should process business workflows"},{"ancestorTitles":["BusinessLogicAgent - Business Rule Engine","Rule Engine"],"duration":12,"failureDetails":[],"failureMessages":[],"fullName":"BusinessLogicAgent - Business Rule Engine Rule Engine should execute rule engine","invocations":1,"location":{"column":5,"line":215},"numPassingAsserts":3,"retryReasons":[],"status":"passed","title":"should execute rule engine"},{"ancestorTitles":["BusinessLogicAgent - Business Rule Engine","Rule Engine"],"duration":1,"failureDetails":[],"failureMessages":[],"fullName":"BusinessLogicAgent - Business Rule Engine Rule Engine should validate rule consistency","invocations":1,"location":{"column":5,"line":259},"numPassingAsserts":1,"retryReasons":[],"status":"passed","title":"should validate rule consistency"},{"ancestorTitles":["BusinessLogicAgent - Business Rule Engine","Business Metrics and Analytics"],"duration":5,"failureDetails":[],"failureMessages":[],"fullName":"BusinessLogicAgent - Business Rule Engine Business Metrics and Analytics should track business metrics","invocations":1,"location":{"column":5,"line":293},"numPassingAsserts":1,"retryReasons":[],"status":"passed","title":"should track business metrics"},{"ancestorTitles":["BusinessLogicAgent - Business Rule Engine","Business Metrics and Analytics"],"duration":2,"failureDetails":[],"failureMessages":[],"fullName":"BusinessLogicAgent - Business Rule Engine Business Metrics and Analytics should generate business insights","invocations":1,"location":{"column":5,"line":316},"numPassingAsserts":2,"retryReasons":[],"status":"passed","title":"should generate business insights"},{"ancestorTitles":["BusinessLogicAgent - Business Rule Engine","Business Metrics and Analytics"],"duration":6,"failureDetails":[],"failureMessages":[],"fullName":"BusinessLogicAgent - Business Rule Engine Business Metrics and Analytics should calculate business value","invocations":1,"location":{"column":5,"line":324},"numPassingAsserts":3,"retryReasons":[],"status":"passed","title":"should calculate business value"},{"ancestorTitles":["BusinessLogicAgent - Business Rule Engine","Event Handling"],"duration":32,"failureDetails":[],"failureMessages":[],"fullName":"BusinessLogicAgent - Business Rule Engine Event Handling should handle rule execution events","invocations":1,"location":{"column":5,"line":345},"numPassingAsserts":1,"retryReasons":[],"status":"passed","title":"should handle rule execution events"},{"ancestorTitles":["BusinessLogicAgent - Business Rule Engine","Event Handling"],"duration":49,"failureDetails":[],"failureMessages":[],"fullName":"BusinessLogicAgent - Business Rule Engine Event Handling should handle decision evaluation events","invocations":1,"location":{"column":5,"line":382},"numPassingAsserts":1,"retryReasons":[],"status":"passed","title":"should handle decision evaluation events"},{"ancestorTitles":["BusinessLogicAgent - Business Rule Engine","Event Handling"],"duration":1,"failureDetails":[],"failureMessages":[],"fullName":"BusinessLogicAgent - Business Rule Engine Event Handling should handle workflow processing events","invocations":1,"location":{"column":5,"line":417},"numPassingAsserts":1,"retryReasons":[],"status":"passed","title":"should handle workflow processing events"},{"ancestorTitles":["BusinessLogicAgent - Business Rule Engine","Event Handling"],"duration":4,"failureDetails":[],"failureMessages":[],"fullName":"BusinessLogicAgent - Business Rule Engine Event Handling should handle unknown events gracefully","invocations":1,"location":{"column":5,"line":444},"numPassingAsserts":1,"retryReasons":[],"status":"passed","title":"should handle unknown events gracefully"},{"ancestorTitles":["BusinessLogicAgent - Business Rule Engine","Lifecycle Management"],"duration":1,"failureDetails":[],"failureMessages":[],"fullName":"BusinessLogicAgent - Business Rule Engine Lifecycle Management should initialize correctly","invocations":1,"location":{"column":5,"line":462},"numPassingAsserts":1,"retryReasons":[],"status":"passed","title":"should initialize correctly"},{"ancestorTitles":["BusinessLogicAgent - Business Rule Engine","Lifecycle Management"],"duration":3,"failureDetails":[],"failureMessages":[],"fullName":"BusinessLogicAgent - Business Rule Engine Lifecycle Management should shutdown gracefully","invocations":1,"location":{"column":5,"line":468},"numPassingAsserts":1,"retryReasons":[],"status":"passed","title":"should shutdown gracefully"},{"ancestorTitles":["BusinessLogicAgent - Business Rule Engine","Lifecycle Management"],"duration":2,"failureDetails":[],"failureMessages":[],"fullName":"BusinessLogicAgent - Business Rule Engine Lifecycle Management should maintain uptime tracking","invocations":1,"location":{"column":5,"line":475},"numPassingAsserts":1,"retryReasons":[],"status":"passed","title":"should maintain uptime tracking"},{"ancestorTitles":["BusinessLogicAgent - Business Rule Engine","Specification and Design"],"duration":1,"failureDetails":[],"failureMessages":[],"fullName":"BusinessLogicAgent - Business Rule Engine Specification and Design should validate specifications","invocations":1,"location":{"column":5,"line":483},"numPassingAsserts":1,"retryReasons":[],"status":"passed","title":"should validate specifications"},{"ancestorTitles":["BusinessLogicAgent - Business Rule Engine","Specification and Design"],"duration":2,"failureDetails":[],"failureMessages":[],"fullName":"BusinessLogicAgent - Business Rule Engine Specification and Design should generate design artifacts","invocations":1,"location":{"column":5,"line":513},"numPassingAsserts":3,"retryReasons":[],"status":"passed","title":"should generate design artifacts"},{"ancestorTitles":["BusinessLogicAgent - Business Rule Engine","Specification and Design"],"duration":1,"failureDetails":[],"failureMessages":[],"fullName":"BusinessLogicAgent - Business Rule Engine Specification and Design should track user interactions","invocations":1,"location":{"column":5,"line":522},"numPassingAsserts":1,"retryReasons":[],"status":"passed","title":"should track user interactions"},{"ancestorTitles":["BusinessLogicAgent - Business Rule Engine","Error Handling"],"duration":2,"failureDetails":[],"failureMessages":[],"fullName":"BusinessLogicAgent - Business Rule Engine Error Handling should handle invalid rule addition gracefully","invocations":1,"location":{"column":5,"line":540},"numPassingAsserts":1,"retryReasons":[],"status":"passed","title":"should handle invalid rule addition gracefully"},{"ancestorTitles":["BusinessLogicAgent - Business Rule Engine","Error Handling"],"duration":1,"failureDetails":[],"failureMessages":[],"fullName":"BusinessLogicAgent - Business Rule Engine Error Handling should handle rule execution errors gracefully","invocations":1,"location":{"column":5,"line":559},"numPassingAsserts":1,"retryReasons":[],"status":"passed","title":"should handle rule execution errors gracefully"},{"ancestorTitles":["BusinessLogicAgent - Business Rule Engine","Error Handling"],"duration":2,"failureDetails":[{"matcherResult":{"actual":false,"expected":true,"message":"\u001b[2mexpect(\u001b[22m\u001b[31mreceived\u001b[39m\u001b[2m).\u001b[22mtoBe\u001b[2m(\u001b[22m\u001b[32mexpected\u001b[39m\u001b[2m) // Object.is equality\u001b[22m\n\nExpected: \u001b[32mtrue\u001b[39m\nReceived: \u001b[31mfalse\u001b[39m","name":"toBe","pass":false}}],"failureMessages":["Error: \u001b[2mexpect(\u001b[22m\u001b[31mreceived\u001b[39m\u001b[2m).\u001b[22mtoBe\u001b[2m(\u001b[22m\u001b[32mexpected\u001b[39m\u001b[2m) // Object.is equality\u001b[22m\n\nExpected: \u001b[32mtrue\u001b[39m\nReceived: \u001b[31mfalse\u001b[39m\n    at Object.<anonymous> (C:\\Users\\victo\\projeto\\SaaS Workflow\\Test3\\test\\businessLogicAgent.test.ts:612:30)\n    at processTicksAndRejections (node:internal/process/task_queues:95:5)"],"fullName":"BusinessLogicAgent - Business Rule Engine Error Handling should handle decision evaluation errors gracefully","invocations":1,"location":{"column":5,"line":588},"numPassingAsserts":0,"retryReasons":[],"status":"failed","title":"should handle decision evaluation errors gracefully"}],"endTime":1752819026273,"message":"\u001b[1m\u001b[31m  \u001b[1m● \u001b[22m\u001b[1mBusinessLogicAgent - Business Rule Engine › Business Rule Management › should add business rules\u001b[39m\u001b[22m\n\n    \u001b[2mexpect(\u001b[22m\u001b[31mreceived\u001b[39m\u001b[2m).\u001b[22mtoBe\u001b[2m(\u001b[22m\u001b[32mexpected\u001b[39m\u001b[2m) // Object.is equality\u001b[22m\n\n    Expected: \u001b[32mtrue\u001b[39m\n    Received: \u001b[31mfalse\u001b[39m\n\u001b[2m\u001b[22m\n\u001b[2m    \u001b[0m \u001b[90m 37 |\u001b[39m       \u001b[22m\n\u001b[2m     \u001b[90m 38 |\u001b[39m       \u001b[36mconst\u001b[39m result \u001b[33m=\u001b[39m \u001b[36mawait\u001b[39m businessLogic\u001b[33m.\u001b[39maddBusinessRule(rule)\u001b[33m;\u001b[39m\u001b[22m\n\u001b[2m    \u001b[31m\u001b[1m>\u001b[22m\u001b[2m\u001b[39m\u001b[90m 39 |\u001b[39m       expect(result)\u001b[33m.\u001b[39mtoBe(\u001b[36mtrue\u001b[39m)\u001b[33m;\u001b[39m\u001b[22m\n\u001b[2m     \u001b[90m    |\u001b[39m                      \u001b[31m\u001b[1m^\u001b[22m\u001b[2m\u001b[39m\u001b[22m\n\u001b[2m     \u001b[90m 40 |\u001b[39m     })\u001b[33m;\u001b[39m\u001b[22m\n\u001b[2m     \u001b[90m 41 |\u001b[39m     \u001b[22m\n\u001b[2m     \u001b[90m 42 |\u001b[39m     it(\u001b[32m'should execute business rules'\u001b[39m\u001b[33m,\u001b[39m \u001b[36masync\u001b[39m () \u001b[33m=>\u001b[39m {\u001b[0m\u001b[22m\n\u001b[2m\u001b[22m\n\u001b[2m      \u001b[2mat Object.<anonymous> (\u001b[22m\u001b[2m\u001b[0m\u001b[36mtest/businessLogicAgent.test.ts\u001b[39m\u001b[0m\u001b[2m:39:22)\u001b[22m\u001b[2m\u001b[22m\n\n\u001b[1m\u001b[31m  \u001b[1m● \u001b[22m\u001b[1mBusinessLogicAgent - Business Rule Engine › Business Rule Management › should execute business rules\u001b[39m\u001b[22m\n\n    \u001b[2mexpect(\u001b[22m\u001b[31mreceived\u001b[39m\u001b[2m).\u001b[22mtoBe\u001b[2m(\u001b[22m\u001b[32mexpected\u001b[39m\u001b[2m) // Object.is equality\u001b[22m\n\n    Expected: \u001b[32mtrue\u001b[39m\n    Received: \u001b[31mfalse\u001b[39m\n\u001b[2m\u001b[22m\n\u001b[2m    \u001b[0m \u001b[90m 68 |\u001b[39m       \u001b[22m\n\u001b[2m     \u001b[90m 69 |\u001b[39m       \u001b[36mconst\u001b[39m result \u001b[33m=\u001b[39m \u001b[36mawait\u001b[39m businessLogic\u001b[33m.\u001b[39mexecuteBusinessRule(rule\u001b[33m,\u001b[39m context)\u001b[33m;\u001b[39m\u001b[22m\n\u001b[2m    \u001b[31m\u001b[1m>\u001b[22m\u001b[2m\u001b[39m\u001b[90m 70 |\u001b[39m       expect(result\u001b[33m.\u001b[39msuccess)\u001b[33m.\u001b[39mtoBe(\u001b[36mtrue\u001b[39m)\u001b[33m;\u001b[39m\u001b[22m\n\u001b[2m     \u001b[90m    |\u001b[39m                              \u001b[31m\u001b[1m^\u001b[22m\u001b[2m\u001b[39m\u001b[22m\n\u001b[2m     \u001b[90m 71 |\u001b[39m       expect(result\u001b[33m.\u001b[39mruleId)\u001b[33m.\u001b[39mtoBe(\u001b[32m'test-rule'\u001b[39m)\u001b[33m;\u001b[39m\u001b[22m\n\u001b[2m     \u001b[90m 72 |\u001b[39m     })\u001b[33m;\u001b[39m\u001b[22m\n\u001b[2m     \u001b[90m 73 |\u001b[39m     \u001b[0m\u001b[22m\n\u001b[2m\u001b[22m\n\u001b[2m      \u001b[2mat Object.<anonymous> (\u001b[22m\u001b[2m\u001b[0m\u001b[36mtest/businessLogicAgent.test.ts\u001b[39m\u001b[0m\u001b[2m:70:30)\u001b[22m\u001b[2m\u001b[22m\n\n\u001b[1m\u001b[31m  \u001b[1m● \u001b[22m\u001b[1mBusinessLogicAgent - Business Rule Engine › Business Rule Management › should validate business rules\u001b[39m\u001b[22m\n\n    \u001b[2mexpect(\u001b[22m\u001b[31mreceived\u001b[39m\u001b[2m).\u001b[22mtoBe\u001b[2m(\u001b[22m\u001b[32mexpected\u001b[39m\u001b[2m) // Object.is equality\u001b[22m\n\n    Expected: \u001b[32mtrue\u001b[39m\n    Received: \u001b[31mfalse\u001b[39m\n\u001b[2m\u001b[22m\n\u001b[2m    \u001b[0m \u001b[90m 88 |\u001b[39m       \u001b[22m\n\u001b[2m     \u001b[90m 89 |\u001b[39m       \u001b[36mconst\u001b[39m result \u001b[33m=\u001b[39m businessLogic\u001b[33m.\u001b[39mvalidateBusinessRule(rule)\u001b[33m;\u001b[39m\u001b[22m\n\u001b[2m    \u001b[31m\u001b[1m>\u001b[22m\u001b[2m\u001b[39m\u001b[90m 90 |\u001b[39m       expect(result\u001b[33m.\u001b[39mresult)\u001b[33m.\u001b[39mtoBe(\u001b[36mtrue\u001b[39m)\u001b[33m;\u001b[39m\u001b[22m\n\u001b[2m     \u001b[90m    |\u001b[39m                             \u001b[31m\u001b[1m^\u001b[22m\u001b[2m\u001b[39m\u001b[22m\n\u001b[2m     \u001b[90m 91 |\u001b[39m     })\u001b[33m;\u001b[39m\u001b[22m\n\u001b[2m     \u001b[90m 92 |\u001b[39m   })\u001b[33m;\u001b[39m\u001b[22m\n\u001b[2m     \u001b[90m 93 |\u001b[39m   \u001b[0m\u001b[22m\n\u001b[2m\u001b[22m\n\u001b[2m      \u001b[2mat Object.<anonymous> (\u001b[22m\u001b[2m\u001b[0m\u001b[36mtest/businessLogicAgent.test.ts\u001b[39m\u001b[0m\u001b[2m:90:29)\u001b[22m\u001b[2m\u001b[22m\n\n\u001b[1m\u001b[31m  \u001b[1m● \u001b[22m\u001b[1mBusinessLogicAgent - Business Rule Engine › Error Handling › should handle decision evaluation errors gracefully\u001b[39m\u001b[22m\n\n    \u001b[2mexpect(\u001b[22m\u001b[31mreceived\u001b[39m\u001b[2m).\u001b[22mtoBe\u001b[2m(\u001b[22m\u001b[32mexpected\u001b[39m\u001b[2m) // Object.is equality\u001b[22m\n\n    Expected: \u001b[32mtrue\u001b[39m\n    Received: \u001b[31mfalse\u001b[39m\n\u001b[2m\u001b[22m\n\u001b[2m    \u001b[0m \u001b[90m 610 |\u001b[39m       \u001b[22m\n\u001b[2m     \u001b[90m 611 |\u001b[39m       \u001b[36mconst\u001b[39m result \u001b[33m=\u001b[39m \u001b[36mawait\u001b[39m businessLogic\u001b[33m.\u001b[39mevaluateDecision(decision\u001b[33m,\u001b[39m context)\u001b[33m;\u001b[39m\u001b[22m\n\u001b[2m    \u001b[31m\u001b[1m>\u001b[22m\u001b[2m\u001b[39m\u001b[90m 612 |\u001b[39m       expect(result\u001b[33m.\u001b[39msuccess)\u001b[33m.\u001b[39mtoBe(\u001b[36mtrue\u001b[39m)\u001b[33m;\u001b[39m\u001b[22m\n\u001b[2m     \u001b[90m     |\u001b[39m                              \u001b[31m\u001b[1m^\u001b[22m\u001b[2m\u001b[39m\u001b[22m\n\u001b[2m     \u001b[90m 613 |\u001b[39m       expect(result\u001b[33m.\u001b[39mselectedOption)\u001b[33m.\u001b[39mtoBeDefined()\u001b[33m;\u001b[39m\u001b[22m\n\u001b[2m     \u001b[90m 614 |\u001b[39m     })\u001b[33m;\u001b[39m\u001b[22m\n\u001b[2m     \u001b[90m 615 |\u001b[39m   })\u001b[33m;\u001b[39m\u001b[0m\u001b[22m\n\u001b[2m\u001b[22m\n\u001b[2m      \u001b[2mat Object.<anonymous> (\u001b[22m\u001b[2m\u001b[0m\u001b[36mtest/businessLogicAgent.test.ts\u001b[39m\u001b[0m\u001b[2m:612:30)\u001b[22m\u001b[2m\u001b[22m\n","name":"C:\\Users\\victo\\projeto\\SaaS Workflow\\Test3\\test\\businessLogicAgent.test.ts","startTime":1752819019476,"status":"failed","summary":""},{"assertionResults":[{"ancestorTitles":["MayaAgent - Context Manager","Initialization"],"duration":12,"failureDetails":[],"failureMessages":[],"fullName":"MayaAgent - Context Manager Initialization should have correct role and dependencies","invocations":1,"location":{"column":5,"line":12},"numPassingAsserts":2,"retryReasons":[],"status":"passed","title":"should have correct role and dependencies"},{"ancestorTitles":["MayaAgent - Context Manager","Initialization"],"duration":1,"failureDetails":[],"failureMessages":[],"fullName":"MayaAgent - Context Manager Initialization should have correct id","invocations":1,"location":{"column":5,"line":17},"numPassingAsserts":1,"retryReasons":[],"status":"passed","title":"should have correct id"},{"ancestorTitles":["MayaAgent - Context Manager","Context Management"],"duration":60,"failureDetails":[],"failureMessages":[],"fullName":"MayaAgent - Context Manager Context Management should propagate context","invocations":1,"location":{"column":5,"line":23},"numPassingAsserts":2,"retryReasons":[],"status":"passed","title":"should propagate context"},{"ancestorTitles":["MayaAgent - Context Manager","Context Management"],"duration":3,"failureDetails":[],"failureMessages":[],"fullName":"MayaAgent - Context Manager Context Management should merge contexts","invocations":1,"location":{"column":5,"line":47},"numPassingAsserts":3,"retryReasons":[],"status":"passed","title":"should merge contexts"},{"ancestorTitles":["MayaAgent - Context Manager","Context Management"],"duration":1,"failureDetails":[],"failureMessages":[],"fullName":"MayaAgent - Context Manager Context Management should validate context","invocations":1,"location":{"column":5,"line":89},"numPassingAsserts":1,"retryReasons":[],"status":"passed","title":"should validate context"},{"ancestorTitles":["MayaAgent - Context Manager","State Transition Management"],"duration":3,"failureDetails":[],"failureMessages":[],"fullName":"MayaAgent - Context Manager State Transition Management should handle state transitions","invocations":1,"location":{"column":5,"line":114},"numPassingAsserts":3,"retryReasons":[],"status":"passed","title":"should handle state transitions"},{"ancestorTitles":["MayaAgent - Context Manager","State Transition Management"],"duration":1,"failureDetails":[],"failureMessages":[],"fullName":"MayaAgent - Context Manager State Transition Management should track state history","invocations":1,"location":{"column":5,"line":139},"numPassingAsserts":4,"retryReasons":[],"status":"passed","title":"should track state history"},{"ancestorTitles":["MayaAgent - Context Manager","Cultural Transformation"],"duration":3,"failureDetails":[],"failureMessages":[],"fullName":"MayaAgent - Context Manager Cultural Transformation should initiate cultural transformation","invocations":1,"location":{"column":5,"line":153},"numPassingAsserts":2,"retryReasons":[],"status":"passed","title":"should initiate cultural transformation"},{"ancestorTitles":["MayaAgent - Context Manager","Cultural Transformation"],"duration":2,"failureDetails":[],"failureMessages":[],"fullName":"MayaAgent - Context Manager Cultural Transformation should track cultural metrics","invocations":1,"location":{"column":5,"line":191},"numPassingAsserts":1,"retryReasons":[],"status":"passed","title":"should track cultural metrics"},{"ancestorTitles":["MayaAgent - Context Manager","Cultural Transformation"],"duration":3,"failureDetails":[],"failureMessages":[],"fullName":"MayaAgent - Context Manager Cultural Transformation should generate cultural insights","invocations":1,"location":{"column":5,"line":214},"numPassingAsserts":2,"retryReasons":[],"status":"passed","title":"should generate cultural insights"},{"ancestorTitles":["MayaAgent - Context Manager","Context Enrichment and Synthesis"],"duration":4,"failureDetails":[],"failureMessages":[],"fullName":"MayaAgent - Context Manager Context Enrichment and Synthesis should enrich context","invocations":1,"location":{"column":5,"line":224},"numPassingAsserts":3,"retryReasons":[],"status":"passed","title":"should enrich context"},{"ancestorTitles":["MayaAgent - Context Manager","Context Enrichment and Synthesis"],"duration":2,"failureDetails":[],"failureMessages":[],"fullName":"MayaAgent - Context Manager Context Enrichment and Synthesis should synthesize context","invocations":1,"location":{"column":5,"line":249},"numPassingAsserts":3,"retryReasons":[],"status":"passed","title":"should synthesize context"},{"ancestorTitles":["MayaAgent - Context Manager","Context Enrichment and Synthesis"],"duration":2,"failureDetails":[],"failureMessages":[],"fullName":"MayaAgent - Context Manager Context Enrichment and Synthesis should create context snapshot","invocations":1,"location":{"column":5,"line":291},"numPassingAsserts":3,"retryReasons":[],"status":"passed","title":"should create context snapshot"},{"ancestorTitles":["MayaAgent - Context Manager","Context Routing and Distribution"],"duration":4,"failureDetails":[{"matcherResult":{"actual":false,"expected":true,"message":"\u001b[2mexpect(\u001b[22m\u001b[31mreceived\u001b[39m\u001b[2m).\u001b[22mtoBe\u001b[2m(\u001b[22m\u001b[32mexpected\u001b[39m\u001b[2m) // Object.is equality\u001b[22m\n\nExpected: \u001b[32mtrue\u001b[39m\nReceived: \u001b[31mfalse\u001b[39m","name":"toBe","pass":false}}],"failureMessages":["Error: \u001b[2mexpect(\u001b[22m\u001b[31mreceived\u001b[39m\u001b[2m).\u001b[22mtoBe\u001b[2m(\u001b[22m\u001b[32mexpected\u001b[39m\u001b[2m) // Object.is equality\u001b[22m\n\nExpected: \u001b[32mtrue\u001b[39m\nReceived: \u001b[31mfalse\u001b[39m\n    at Object.<anonymous> (C:\\Users\\victo\\projeto\\SaaS Workflow\\Test3\\test\\mayaAgent.test.ts:324:30)\n    at processTicksAndRejections (node:internal/process/task_queues:95:5)"],"fullName":"MayaAgent - Context Manager Context Routing and Distribution should route context","invocations":1,"location":{"column":5,"line":302},"numPassingAsserts":0,"retryReasons":[],"status":"failed","title":"should route context"},{"ancestorTitles":["MayaAgent - Context Manager","Context Routing and Distribution"],"duration":2,"failureDetails":[],"failureMessages":[],"fullName":"MayaAgent - Context Manager Context Routing and Distribution should distribute context","invocations":1,"location":{"column":5,"line":329},"numPassingAsserts":3,"retryReasons":[],"status":"passed","title":"should distribute context"},{"ancestorTitles":["MayaAgent - Context Manager","Context Routing and Distribution"],"duration":1,"failureDetails":[],"failureMessages":[],"fullName":"MayaAgent - Context Manager Context Routing and Distribution should filter context","invocations":1,"location":{"column":5,"line":354},"numPassingAsserts":4,"retryReasons":[],"status":"passed","title":"should filter context"},{"ancestorTitles":["MayaAgent - Context Manager","Event Handling"],"duration":3,"failureDetails":[],"failureMessages":[],"fullName":"MayaAgent - Context Manager Event Handling should handle context propagation events","invocations":1,"location":{"column":5,"line":391},"numPassingAsserts":1,"retryReasons":[],"status":"passed","title":"should handle context propagation events"},{"ancestorTitles":["MayaAgent - Context Manager","Event Handling"],"duration":0,"failureDetails":[],"failureMessages":[],"fullName":"MayaAgent - Context Manager Event Handling should handle state transition events","invocations":1,"location":{"column":5,"line":423},"numPassingAsserts":1,"retryReasons":[],"status":"passed","title":"should handle state transition events"},{"ancestorTitles":["MayaAgent - Context Manager","Event Handling"],"duration":1,"failureDetails":[{"message":"\u001b[2mexpect(\u001b[22m\u001b[31mreceived\u001b[39m\u001b[2m).\u001b[22mresolves\u001b[2m.\u001b[22mnot\u001b[2m.\u001b[22mtoThrow\u001b[2m()\u001b[22m\n\nReceived promise rejected instead of resolved\nRejected to value: \u001b[31m[TypeError: Cannot read properties of undefined (reading 'id')]\u001b[39m"}],"failureMessages":["Error: \u001b[2mexpect(\u001b[22m\u001b[31mreceived\u001b[39m\u001b[2m).\u001b[22mresolves\u001b[2m.\u001b[22mnot\u001b[2m.\u001b[22mtoThrow\u001b[2m()\u001b[22m\n\nReceived promise rejected instead of resolved\nRejected to value: \u001b[31m[TypeError: Cannot read properties of undefined (reading 'id')]\u001b[39m\n    at expect (C:\\Users\\victo\\projeto\\SaaS Workflow\\Test3\\node_modules\\expect\\build\\index.js:113:15)\n    at Object.<anonymous> (C:\\Users\\victo\\projeto\\SaaS Workflow\\Test3\\test\\mayaAgent.test.ts:483:13)\n    at processTicksAndRejections (node:internal/process/task_queues:95:5)"],"fullName":"MayaAgent - Context Manager Event Handling should handle cultural transformation events","invocations":1,"location":{"column":5,"line":457},"numPassingAsserts":0,"retryReasons":[],"status":"failed","title":"should handle cultural transformation events"},{"ancestorTitles":["MayaAgent - Context Manager","Event Handling"],"duration":34,"failureDetails":[],"failureMessages":[],"fullName":"MayaAgent - Context Manager Event Handling should handle unknown events gracefully","invocations":1,"location":{"column":5,"line":486},"numPassingAsserts":1,"retryReasons":[],"status":"passed","title":"should handle unknown events gracefully"},{"ancestorTitles":["MayaAgent - Context Manager","Lifecycle Management"],"duration":1,"failureDetails":[],"failureMessages":[],"fullName":"MayaAgent - Context Manager Lifecycle Management should initialize correctly","invocations":1,"location":{"column":5,"line":504},"numPassingAsserts":1,"retryReasons":[],"status":"passed","title":"should initialize correctly"},{"ancestorTitles":["MayaAgent - Context Manager","Lifecycle Management"],"duration":2,"failureDetails":[],"failureMessages":[],"fullName":"MayaAgent - Context Manager Lifecycle Management should shutdown gracefully","invocations":1,"location":{"column":5,"line":510},"numPassingAsserts":1,"retryReasons":[],"status":"passed","title":"should shutdown gracefully"},{"ancestorTitles":["MayaAgent - Context Manager","Lifecycle Management"],"duration":3,"failureDetails":[{"matcherResult":{"message":"\u001b[2mexpect(\u001b[22m\u001b[31mreceived\u001b[39m\u001b[2m).\u001b[22mtoBeGreaterThan\u001b[2m(\u001b[22m\u001b[32mexpected\u001b[39m\u001b[2m)\u001b[22m\n\nExpected: > \u001b[32m0\u001b[39m\nReceived:   \u001b[31m0\u001b[39m","pass":false}}],"failureMessages":["Error: \u001b[2mexpect(\u001b[22m\u001b[31mreceived\u001b[39m\u001b[2m).\u001b[22mtoBeGreaterThan\u001b[2m(\u001b[22m\u001b[32mexpected\u001b[39m\u001b[2m)\u001b[22m\n\nExpected: > \u001b[32m0\u001b[39m\nReceived:   \u001b[31m0\u001b[39m\n    at Object.<anonymous> (C:\\Users\\victo\\projeto\\SaaS Workflow\\Test3\\test\\mayaAgent.test.ts:520:29)\n    at processTicksAndRejections (node:internal/process/task_queues:95:5)"],"fullName":"MayaAgent - Context Manager Lifecycle Management should maintain uptime tracking","invocations":1,"location":{"column":5,"line":517},"numPassingAsserts":0,"retryReasons":[],"status":"failed","title":"should maintain uptime tracking"},{"ancestorTitles":["MayaAgent - Context Manager","Specification and Design"],"duration":1,"failureDetails":[],"failureMessages":[],"fullName":"MayaAgent - Context Manager Specification and Design should validate specifications","invocations":1,"location":{"column":5,"line":525},"numPassingAsserts":1,"retryReasons":[],"status":"passed","title":"should validate specifications"},{"ancestorTitles":["MayaAgent - Context Manager","Specification and Design"],"duration":1,"failureDetails":[],"failureMessages":[],"fullName":"MayaAgent - Context Manager Specification and Design should generate design artifacts","invocations":1,"location":{"column":5,"line":555},"numPassingAsserts":3,"retryReasons":[],"status":"passed","title":"should generate design artifacts"},{"ancestorTitles":["MayaAgent - Context Manager","Specification and Design"],"duration":1,"failureDetails":[],"failureMessages":[],"fullName":"MayaAgent - Context Manager Specification and Design should track user interactions","invocations":1,"location":{"column":5,"line":564},"numPassingAsserts":1,"retryReasons":[],"status":"passed","title":"should track user interactions"},{"ancestorTitles":["MayaAgent - Context Manager","Error Handling"],"duration":2,"failureDetails":[],"failureMessages":[],"fullName":"MayaAgent - Context Manager Error Handling should handle invalid context gracefully","invocations":1,"location":{"column":5,"line":582},"numPassingAsserts":1,"retryReasons":[],"status":"passed","title":"should handle invalid context gracefully"},{"ancestorTitles":["MayaAgent - Context Manager","Error Handling"],"duration":1,"failureDetails":[],"failureMessages":[],"fullName":"MayaAgent - Context Manager Error Handling should handle invalid state transitions gracefully","invocations":1,"location":{"column":5,"line":605},"numPassingAsserts":1,"retryReasons":[],"status":"passed","title":"should handle invalid state transitions gracefully"}],"endTime":1752819026625,"message":"\u001b[1m\u001b[31m  \u001b[1m● \u001b[22m\u001b[1mMayaAgent - Context Manager › Context Routing and Distribution › should route context\u001b[39m\u001b[22m\n\n    \u001b[2mexpect(\u001b[22m\u001b[31mreceived\u001b[39m\u001b[2m).\u001b[22mtoBe\u001b[2m(\u001b[22m\u001b[32mexpected\u001b[39m\u001b[2m) // Object.is equality\u001b[22m\n\n    Expected: \u001b[32mtrue\u001b[39m\n    Received: \u001b[31mfalse\u001b[39m\n\u001b[2m\u001b[22m\n\u001b[2m    \u001b[0m \u001b[90m 322 |\u001b[39m       \u001b[36mconst\u001b[39m result \u001b[33m=\u001b[39m \u001b[36mawait\u001b[39m maya\u001b[33m.\u001b[39mrouteContext(contextSlice\u001b[33m,\u001b[39m targetAgents)\u001b[33m;\u001b[39m\u001b[22m\n\u001b[2m     \u001b[90m 323 |\u001b[39m       \u001b[22m\n\u001b[2m    \u001b[31m\u001b[1m>\u001b[22m\u001b[2m\u001b[39m\u001b[90m 324 |\u001b[39m       expect(result\u001b[33m.\u001b[39msuccess)\u001b[33m.\u001b[39mtoBe(\u001b[36mtrue\u001b[39m)\u001b[33m;\u001b[39m\u001b[22m\n\u001b[2m     \u001b[90m     |\u001b[39m                              \u001b[31m\u001b[1m^\u001b[22m\u001b[2m\u001b[39m\u001b[22m\n\u001b[2m     \u001b[90m 325 |\u001b[39m       expect(result\u001b[33m.\u001b[39mcontextId)\u001b[33m.\u001b[39mtoBe(\u001b[32m'test-context'\u001b[39m)\u001b[33m;\u001b[39m\u001b[22m\n\u001b[2m     \u001b[90m 326 |\u001b[39m       expect(result\u001b[33m.\u001b[39mroutedTo)\u001b[33m.\u001b[39mtoBeDefined()\u001b[33m;\u001b[39m\u001b[22m\n\u001b[2m     \u001b[90m 327 |\u001b[39m     })\u001b[33m;\u001b[39m\u001b[0m\u001b[22m\n\u001b[2m\u001b[22m\n\u001b[2m      \u001b[2mat Object.<anonymous> (\u001b[22m\u001b[2m\u001b[0m\u001b[36mtest/mayaAgent.test.ts\u001b[39m\u001b[0m\u001b[2m:324:30)\u001b[22m\u001b[2m\u001b[22m\n\n\u001b[1m\u001b[31m  \u001b[1m● \u001b[22m\u001b[1mMayaAgent - Context Manager › Event Handling › should handle cultural transformation events\u001b[39m\u001b[22m\n\n    \u001b[2mexpect(\u001b[22m\u001b[31mreceived\u001b[39m\u001b[2m).\u001b[22mresolves\u001b[2m.\u001b[22mnot\u001b[2m.\u001b[22mtoThrow\u001b[2m()\u001b[22m\n\n    Received promise rejected instead of resolved\n    Rejected to value: \u001b[31m[TypeError: Cannot read properties of undefined (reading 'id')]\u001b[39m\n\u001b[2m\u001b[22m\n\u001b[2m    \u001b[0m \u001b[90m 481 |\u001b[39m       }\u001b[33m;\u001b[39m\u001b[22m\n\u001b[2m     \u001b[90m 482 |\u001b[39m       \u001b[22m\n\u001b[2m    \u001b[31m\u001b[1m>\u001b[22m\u001b[2m\u001b[39m\u001b[90m 483 |\u001b[39m       \u001b[36mawait\u001b[39m expect(maya\u001b[33m.\u001b[39mhandleEvent(\u001b[32m'cultural.transformation.start'\u001b[39m\u001b[33m,\u001b[39m payload))\u001b[33m.\u001b[39mresolves\u001b[33m.\u001b[39mnot\u001b[33m.\u001b[39mtoThrow()\u001b[33m;\u001b[39m\u001b[22m\n\u001b[2m     \u001b[90m     |\u001b[39m             \u001b[31m\u001b[1m^\u001b[22m\u001b[2m\u001b[39m\u001b[22m\n\u001b[2m     \u001b[90m 484 |\u001b[39m     })\u001b[33m;\u001b[39m\u001b[22m\n\u001b[2m     \u001b[90m 485 |\u001b[39m     \u001b[22m\n\u001b[2m     \u001b[90m 486 |\u001b[39m     it(\u001b[32m'should handle unknown events gracefully'\u001b[39m\u001b[33m,\u001b[39m \u001b[36masync\u001b[39m () \u001b[33m=>\u001b[39m {\u001b[0m\u001b[22m\n\u001b[2m\u001b[22m\n\u001b[2m      \u001b[2mat expect (\u001b[22m\u001b[2mnode_modules/expect/build/index.js\u001b[2m:113:15)\u001b[22m\u001b[2m\u001b[22m\n\u001b[2m      \u001b[2mat Object.<anonymous> (\u001b[22m\u001b[2m\u001b[0m\u001b[36mtest/mayaAgent.test.ts\u001b[39m\u001b[0m\u001b[2m:483:13)\u001b[22m\u001b[2m\u001b[22m\n\n\u001b[1m\u001b[31m  \u001b[1m● \u001b[22m\u001b[1mMayaAgent - Context Manager › Lifecycle Management › should maintain uptime tracking\u001b[39m\u001b[22m\n\n    \u001b[2mexpect(\u001b[22m\u001b[31mreceived\u001b[39m\u001b[2m).\u001b[22mtoBeGreaterThan\u001b[2m(\u001b[22m\u001b[32mexpected\u001b[39m\u001b[2m)\u001b[22m\n\n    Expected: > \u001b[32m0\u001b[39m\n    Received:   \u001b[31m0\u001b[39m\n\u001b[2m\u001b[22m\n\u001b[2m    \u001b[0m \u001b[90m 518 |\u001b[39m       \u001b[36mawait\u001b[39m maya\u001b[33m.\u001b[39minitialize()\u001b[33m;\u001b[39m\u001b[22m\n\u001b[2m     \u001b[90m 519 |\u001b[39m       \u001b[36mconst\u001b[39m status \u001b[33m=\u001b[39m maya\u001b[33m.\u001b[39mgetStatus()\u001b[33m;\u001b[39m\u001b[22m\n\u001b[2m    \u001b[31m\u001b[1m>\u001b[22m\u001b[2m\u001b[39m\u001b[90m 520 |\u001b[39m       expect(status\u001b[33m.\u001b[39muptime)\u001b[33m.\u001b[39mtoBeGreaterThan(\u001b[35m0\u001b[39m)\u001b[33m;\u001b[39m\u001b[22m\n\u001b[2m     \u001b[90m     |\u001b[39m                             \u001b[31m\u001b[1m^\u001b[22m\u001b[2m\u001b[39m\u001b[22m\n\u001b[2m     \u001b[90m 521 |\u001b[39m     })\u001b[33m;\u001b[39m\u001b[22m\n\u001b[2m     \u001b[90m 522 |\u001b[39m   })\u001b[33m;\u001b[39m\u001b[22m\n\u001b[2m     \u001b[90m 523 |\u001b[39m   \u001b[0m\u001b[22m\n\u001b[2m\u001b[22m\n\u001b[2m      \u001b[2mat Object.<anonymous> (\u001b[22m\u001b[2m\u001b[0m\u001b[36mtest/mayaAgent.test.ts\u001b[39m\u001b[0m\u001b[2m:520:29)\u001b[22m\u001b[2m\u001b[22m\n","name":"C:\\Users\\victo\\projeto\\SaaS Workflow\\Test3\\test\\mayaAgent.test.ts","startTime":1752819019488,"status":"failed","summary":""},{"assertionResults":[{"ancestorTitles":["Dynamic Agent Composer Tests","Agent Composition"],"duration":45,"failureDetails":[],"failureMessages":[],"fullName":"Dynamic Agent Composer Tests Agent Composition should compose agent from specification","invocations":1,"location":{"column":5,"line":159},"numPassingAsserts":3,"retryReasons":[],"status":"passed","title":"should compose agent from specification"},{"ancestorTitles":["Dynamic Agent Composer Tests","Agent Composition"],"duration":13,"failureDetails":[],"failureMessages":[],"fullName":"Dynamic Agent Composer Tests Agent Composition should validate agent specification before composition","invocations":1,"location":{"column":5,"line":167},"numPassingAsserts":1,"retryReasons":[],"status":"passed","title":"should validate agent specification before composition"},{"ancestorTitles":["Dynamic Agent Composer Tests","Agent Composition"],"duration":2,"failureDetails":[],"failureMessages":[],"fullName":"Dynamic Agent Composer Tests Agent Composition should handle composition failures gracefully","invocations":1,"location":{"column":5,"line":174},"numPassingAsserts":1,"retryReasons":[],"status":"passed","title":"should handle composition failures gracefully"},{"ancestorTitles":["Dynamic Agent Composer Tests","Workflow Orchestration"],"duration":3,"failureDetails":[],"failureMessages":[],"fullName":"Dynamic Agent Composer Tests Workflow Orchestration should orchestrate agents in workflow","invocations":1,"location":{"column":5,"line":183},"numPassingAsserts":6,"retryReasons":[],"status":"passed","title":"should orchestrate agents in workflow"},{"ancestorTitles":["Dynamic Agent Composer Tests","Workflow Orchestration"],"duration":5,"failureDetails":[],"failureMessages":[],"fullName":"Dynamic Agent Composer Tests Workflow Orchestration should handle workflow orchestration failures","invocations":1,"location":{"column":5,"line":207},"numPassingAsserts":2,"retryReasons":[],"status":"passed","title":"should handle workflow orchestration failures"},{"ancestorTitles":["Dynamic Agent Composer Tests","Agent Mutation"],"duration":2,"failureDetails":[],"failureMessages":[],"fullName":"Dynamic Agent Composer Tests Agent Mutation should mutate agent behavior","invocations":1,"location":{"column":5,"line":221},"numPassingAsserts":1,"retryReasons":[],"status":"passed","title":"should mutate agent behavior"},{"ancestorTitles":["Dynamic Agent Composer Tests","Agent Mutation"],"duration":2,"failureDetails":[],"failureMessages":[],"fullName":"Dynamic Agent Composer Tests Agent Mutation should handle mutation failures","invocations":1,"location":{"column":5,"line":229},"numPassingAsserts":1,"retryReasons":[],"status":"passed","title":"should handle mutation failures"},{"ancestorTitles":["Dynamic Agent Composer Tests","Agent Mutation"],"duration":8,"failureDetails":[],"failureMessages":[],"fullName":"Dynamic Agent Composer Tests Agent Mutation should support different mutation types","invocations":1,"location":{"column":5,"line":235},"numPassingAsserts":1,"retryReasons":[],"status":"passed","title":"should support different mutation types"},{"ancestorTitles":["Dynamic Agent Composer Tests","Negotiation Protocols"],"duration":2,"failureDetails":[],"failureMessages":[],"fullName":"Dynamic Agent Composer Tests Negotiation Protocols should execute negotiation protocol","invocations":1,"location":{"column":5,"line":250},"numPassingAsserts":4,"retryReasons":[],"status":"passed","title":"should execute negotiation protocol"},{"ancestorTitles":["Dynamic Agent Composer Tests","Negotiation Protocols"],"duration":2,"failureDetails":[],"failureMessages":[],"fullName":"Dynamic Agent Composer Tests Negotiation Protocols should handle negotiation failures","invocations":1,"location":{"column":5,"line":272},"numPassingAsserts":2,"retryReasons":[],"status":"passed","title":"should handle negotiation failures"},{"ancestorTitles":["Dynamic Agent Composer Tests","DAG Diffing and Versioning"],"duration":2,"failureDetails":[],"failureMessages":[],"fullName":"Dynamic Agent Composer Tests DAG Diffing and Versioning should create DAG diff","invocations":1,"location":{"column":5,"line":286},"numPassingAsserts":4,"retryReasons":[],"status":"passed","title":"should create DAG diff"},{"ancestorTitles":["Dynamic Agent Composer Tests","DAG Diffing and Versioning"],"duration":1,"failureDetails":[],"failureMessages":[],"fullName":"Dynamic Agent Composer Tests DAG Diffing and Versioning should apply DAG diff","invocations":1,"location":{"column":5,"line":310},"numPassingAsserts":1,"retryReasons":[],"status":"passed","title":"should apply DAG diff"},{"ancestorTitles":["Dynamic Agent Composer Tests","DAG Diffing and Versioning"],"duration":2,"failureDetails":[],"failureMessages":[],"fullName":"Dynamic Agent Composer Tests DAG Diffing and Versioning should handle DAG rollback","invocations":1,"location":{"column":5,"line":332},"numPassingAsserts":1,"retryReasons":[],"status":"passed","title":"should handle DAG rollback"},{"ancestorTitles":["Dynamic Agent Composer Tests","Memoryful Agents"],"duration":2,"failureDetails":[],"failureMessages":[],"fullName":"Dynamic Agent Composer Tests Memoryful Agents should create memoryful agent","invocations":1,"location":{"column":5,"line":341},"numPassingAsserts":2,"retryReasons":[],"status":"passed","title":"should create memoryful agent"},{"ancestorTitles":["Dynamic Agent Composer Tests","Memoryful Agents"],"duration":9,"failureDetails":[],"failureMessages":[],"fullName":"Dynamic Agent Composer Tests Memoryful Agents should update agent memory","invocations":1,"location":{"column":5,"line":348},"numPassingAsserts":1,"retryReasons":[],"status":"passed","title":"should update agent memory"},{"ancestorTitles":["Dynamic Agent Composer Tests","Memoryful Agents"],"duration":4,"failureDetails":[],"failureMessages":[],"fullName":"Dynamic Agent Composer Tests Memoryful Agents should retrieve agent memory","invocations":1,"location":{"column":5,"line":362},"numPassingAsserts":6,"retryReasons":[],"status":"passed","title":"should retrieve agent memory"},{"ancestorTitles":["Dynamic Agent Composer Tests","Memoryful Agents"],"duration":26,"failureDetails":[],"failureMessages":[],"fullName":"Dynamic Agent Composer Tests Memoryful Agents should handle memory retrieval failures","invocations":1,"location":{"column":5,"line":375},"numPassingAsserts":1,"retryReasons":[],"status":"passed","title":"should handle memory retrieval failures"},{"ancestorTitles":["Dynamic Agent Composer Tests","Event Handling"],"duration":12,"failureDetails":[],"failureMessages":[],"fullName":"Dynamic Agent Composer Tests Event Handling should handle agent composition events","invocations":1,"location":{"column":5,"line":382},"numPassingAsserts":1,"retryReasons":[],"status":"passed","title":"should handle agent composition events"},{"ancestorTitles":["Dynamic Agent Composer Tests","Event Handling"],"duration":1,"failureDetails":[],"failureMessages":[],"fullName":"Dynamic Agent Composer Tests Event Handling should handle workflow orchestration events","invocations":1,"location":{"column":5,"line":391},"numPassingAsserts":1,"retryReasons":[],"status":"passed","title":"should handle workflow orchestration events"},{"ancestorTitles":["Dynamic Agent Composer Tests","Event Handling"],"duration":1,"failureDetails":[],"failureMessages":[],"fullName":"Dynamic Agent Composer Tests Event Handling should handle agent mutation events","invocations":1,"location":{"column":5,"line":400},"numPassingAsserts":1,"retryReasons":[],"status":"passed","title":"should handle agent mutation events"},{"ancestorTitles":["Dynamic Agent Composer Tests","Event Handling"],"duration":5,"failureDetails":[],"failureMessages":[],"fullName":"Dynamic Agent Composer Tests Event Handling should handle negotiation events","invocations":1,"location":{"column":5,"line":410},"numPassingAsserts":1,"retryReasons":[],"status":"passed","title":"should handle negotiation events"},{"ancestorTitles":["Dynamic Agent Composer Tests","Status and Validation"],"duration":4,"failureDetails":[],"failureMessages":[],"fullName":"Dynamic Agent Composer Tests Status and Validation should return agent status","invocations":1,"location":{"column":5,"line":421},"numPassingAsserts":4,"retryReasons":[],"status":"passed","title":"should return agent status"},{"ancestorTitles":["Dynamic Agent Composer Tests","Status and Validation"],"duration":1,"failureDetails":[],"failureMessages":[],"fullName":"Dynamic Agent Composer Tests Status and Validation should validate specifications","invocations":1,"location":{"column":5,"line":430},"numPassingAsserts":2,"retryReasons":[],"status":"passed","title":"should validate specifications"},{"ancestorTitles":["Dynamic Agent Composer Tests","Status and Validation"],"duration":1,"failureDetails":[],"failureMessages":[],"fullName":"Dynamic Agent Composer Tests Status and Validation should generate design artifacts","invocations":1,"location":{"column":5,"line":437},"numPassingAsserts":1,"retryReasons":[],"status":"passed","title":"should generate design artifacts"},{"ancestorTitles":["Dynamic Agent Composer Tests","Status and Validation"],"duration":5,"failureDetails":[],"failureMessages":[],"fullName":"Dynamic Agent Composer Tests Status and Validation should track user interactions","invocations":1,"location":{"column":5,"line":443},"numPassingAsserts":1,"retryReasons":[],"status":"passed","title":"should track user interactions"},{"ancestorTitles":["Dynamic Agent Composer Tests","Performance and Scalability"],"duration":5,"failureDetails":[],"failureMessages":[],"fullName":"Dynamic Agent Composer Tests Performance and Scalability should handle multiple agent compositions","invocations":1,"location":{"column":5,"line":460},"numPassingAsserts":2,"retryReasons":[],"status":"passed","title":"should handle multiple agent compositions"},{"ancestorTitles":["Dynamic Agent Composer Tests","Performance and Scalability"],"duration":3,"failureDetails":[],"failureMessages":[],"fullName":"Dynamic Agent Composer Tests Performance and Scalability should handle concurrent workflow orchestration","invocations":1,"location":{"column":5,"line":475},"numPassingAsserts":2,"retryReasons":[],"status":"passed","title":"should handle concurrent workflow orchestration"},{"ancestorTitles":["Dynamic Agent Composer Tests","Error Handling and Resilience"],"duration":5,"failureDetails":[],"failureMessages":[],"fullName":"Dynamic Agent Composer Tests Error Handling and Resilience should handle invalid agent specifications","invocations":1,"location":{"column":5,"line":506},"numPassingAsserts":3,"retryReasons":[],"status":"passed","title":"should handle invalid agent specifications"},{"ancestorTitles":["Dynamic Agent Composer Tests","Error Handling and Resilience"],"duration":2,"failureDetails":[],"failureMessages":[],"fullName":"Dynamic Agent Composer Tests Error Handling and Resilience should handle non-existent agents gracefully","invocations":1,"location":{"column":5,"line":519},"numPassingAsserts":1,"retryReasons":[],"status":"passed","title":"should handle non-existent agents gracefully"},{"ancestorTitles":["Dynamic Agent Composer Tests","Error Handling and Resilience"],"duration":3,"failureDetails":[],"failureMessages":[],"fullName":"Dynamic Agent Composer Tests Error Handling and Resilience should handle workflow orchestration with missing agents","invocations":1,"location":{"column":5,"line":524},"numPassingAsserts":2,"retryReasons":[],"status":"passed","title":"should handle workflow orchestration with missing agents"}],"endTime":1752819027585,"message":"","name":"C:\\Users\\victo\\projeto\\SaaS Workflow\\Test3\\test\\dynamic-composer.test.ts","startTime":1752819026477,"status":"passed","summary":""},{"assertionResults":[{"ancestorTitles":["LLM Consistency & Memory Optimization","ConsistencyVerifier"],"duration":18,"failureDetails":[],"failureMessages":[],"fullName":"LLM Consistency & Memory Optimization ConsistencyVerifier should verify exact match for critical paths","invocations":1,"location":{"column":5,"line":28},"numPassingAsserts":1,"retryReasons":[],"status":"passed","title":"should verify exact match for critical paths"},{"ancestorTitles":["LLM Consistency & Memory Optimization","ConsistencyVerifier"],"duration":6,"failureDetails":[],"failureMessages":[],"fullName":"LLM Consistency & Memory Optimization ConsistencyVerifier should reject non-exact match for critical paths","invocations":1,"location":{"column":5,"line":52},"numPassingAsserts":1,"retryReasons":[],"status":"passed","title":"should reject non-exact match for critical paths"},{"ancestorTitles":["LLM Consistency & Memory Optimization","ConsistencyVerifier"],"duration":3,"failureDetails":[],"failureMessages":[],"fullName":"LLM Consistency & Memory Optimization ConsistencyVerifier should allow semantic similarity for non-critical paths","invocations":1,"location":{"column":5,"line":76},"numPassingAsserts":1,"retryReasons":[],"status":"passed","title":"should allow semantic similarity for non-critical paths"},{"ancestorTitles":["LLM Consistency & Memory Optimization","ConsistencyVerifier"],"duration":7,"failureDetails":[],"failureMessages":[],"fullName":"LLM Consistency & Memory Optimization ConsistencyVerifier should calculate semantic similarity","invocations":1,"location":{"column":5,"line":101},"numPassingAsserts":2,"retryReasons":[],"status":"passed","title":"should calculate semantic similarity"},{"ancestorTitles":["LLM Consistency & Memory Optimization","ConsistencyVerifier"],"duration":3,"failureDetails":[],"failureMessages":[],"fullName":"LLM Consistency & Memory Optimization ConsistencyVerifier should verify state consistency for critical paths","invocations":1,"location":{"column":5,"line":121},"numPassingAsserts":1,"retryReasons":[],"status":"passed","title":"should verify state consistency for critical paths"},{"ancestorTitles":["LLM Consistency & Memory Optimization","ConsistencyVerifier"],"duration":4,"failureDetails":[],"failureMessages":[],"fullName":"LLM Consistency & Memory Optimization ConsistencyVerifier should reject inconsistent states for critical paths","invocations":1,"location":{"column":5,"line":129},"numPassingAsserts":1,"retryReasons":[],"status":"passed","title":"should reject inconsistent states for critical paths"},{"ancestorTitles":["LLM Consistency & Memory Optimization","StateReconstructor"],"duration":5,"failureDetails":[],"failureMessages":[],"fullName":"LLM Consistency & Memory Optimization StateReconstructor should reconstruct state from checkpoint","invocations":1,"location":{"column":5,"line":139},"numPassingAsserts":4,"retryReasons":[],"status":"passed","title":"should reconstruct state from checkpoint"},{"ancestorTitles":["LLM Consistency & Memory Optimization","StateReconstructor"],"duration":7,"failureDetails":[],"failureMessages":[],"fullName":"LLM Consistency & Memory Optimization StateReconstructor should replay from checkpoint with original configuration","invocations":1,"location":{"column":5,"line":172},"numPassingAsserts":3,"retryReasons":[],"status":"passed","title":"should replay from checkpoint with original configuration"},{"ancestorTitles":["LLM Consistency & Memory Optimization","StateReconstructor"],"duration":5,"failureDetails":[],"failureMessages":[],"fullName":"LLM Consistency & Memory Optimization StateReconstructor should verify state consistency between original and reconstructed","invocations":1,"location":{"column":5,"line":204},"numPassingAsserts":1,"retryReasons":[],"status":"passed","title":"should verify state consistency between original and reconstructed"},{"ancestorTitles":["LLM Consistency & Memory Optimization","StateReconstructor"],"duration":2,"failureDetails":[],"failureMessages":[],"fullName":"LLM Consistency & Memory Optimization StateReconstructor should reject inconsistent state reconstruction","invocations":1,"location":{"column":5,"line":249},"numPassingAsserts":1,"retryReasons":[],"status":"passed","title":"should reject inconsistent state reconstruction"},{"ancestorTitles":["LLM Consistency & Memory Optimization","CompactAuditTrail"],"duration":5,"failureDetails":[],"failureMessages":[],"fullName":"LLM Consistency & Memory Optimization CompactAuditTrail should add decisions to audit trail with compression","invocations":1,"location":{"column":5,"line":296},"numPassingAsserts":1,"retryReasons":[],"status":"passed","title":"should add decisions to audit trail with compression"},{"ancestorTitles":["LLM Consistency & Memory Optimization","CompactAuditTrail"],"duration":11,"failureDetails":[],"failureMessages":[],"fullName":"LLM Consistency & Memory Optimization CompactAuditTrail should replay audit trail from checkpoints","invocations":1,"location":{"column":5,"line":312},"numPassingAsserts":5,"retryReasons":[],"status":"passed","title":"should replay audit trail from checkpoints"},{"ancestorTitles":["LLM Consistency & Memory Optimization","CompactAuditTrail"],"duration":6,"failureDetails":[],"failureMessages":[],"fullName":"LLM Consistency & Memory Optimization CompactAuditTrail should reconstruct intermediate states between checkpoints","invocations":1,"location":{"column":5,"line":335},"numPassingAsserts":22,"retryReasons":[],"status":"passed","title":"should reconstruct intermediate states between checkpoints"},{"ancestorTitles":["LLM Consistency & Memory Optimization","CompactAuditTrail"],"duration":3,"failureDetails":[],"failureMessages":[],"fullName":"LLM Consistency & Memory Optimization CompactAuditTrail should handle different computation paths","invocations":1,"location":{"column":5,"line":395},"numPassingAsserts":1,"retryReasons":[],"status":"passed","title":"should handle different computation paths"},{"ancestorTitles":["LLM Consistency & Memory Optimization","Integration Tests"],"duration":3,"failureDetails":[],"failureMessages":[],"fullName":"LLM Consistency & Memory Optimization Integration Tests should maintain consistency across all components","invocations":1,"location":{"column":5,"line":421},"numPassingAsserts":2,"retryReasons":[],"status":"passed","title":"should maintain consistency across all components"},{"ancestorTitles":["LLM Consistency & Memory Optimization","Integration Tests"],"duration":4,"failureDetails":[],"failureMessages":[],"fullName":"LLM Consistency & Memory Optimization Integration Tests should handle memory optimization with Williams-inspired tradeoffs","invocations":1,"location":{"column":5,"line":463},"numPassingAsserts":4,"retryReasons":[],"status":"passed","title":"should handle memory optimization with Williams-inspired tradeoffs"}],"endTime":1752819029075,"message":"","name":"C:\\Users\\victo\\projeto\\SaaS Workflow\\Test3\\test\\llmConsistency.test.ts","startTime":1752819027906,"status":"passed","summary":""},{"assertionResults":[{"ancestorTitles":["AikoRyu Backup System","Content-Addressable Storage (AikoCAS)"],"duration":52,"failureDetails":[],"failureMessages":[],"fullName":"AikoRyu Backup System Content-Addressable Storage (AikoCAS) should store and retrieve content with hash-based addressing","invocations":1,"location":{"column":5,"line":36},"numPassingAsserts":4,"retryReasons":[],"status":"passed","title":"should store and retrieve content with hash-based addressing"},{"ancestorTitles":["AikoRyu Backup System","Content-Addressable Storage (AikoCAS)"],"duration":34,"failureDetails":[],"failureMessages":[],"fullName":"AikoRyu Backup System Content-Addressable Storage (AikoCAS) should handle metadata with content storage","invocations":1,"location":{"column":5,"line":52},"numPassingAsserts":1,"retryReasons":[],"status":"passed","title":"should handle metadata with content storage"},{"ancestorTitles":["AikoRyu Backup System","Content-Addressable Storage (AikoCAS)"],"duration":22,"failureDetails":[],"failureMessages":[],"fullName":"AikoRyu Backup System Content-Addressable Storage (AikoCAS) should list all stored content hashes","invocations":1,"location":{"column":5,"line":67},"numPassingAsserts":2,"retryReasons":[],"status":"passed","title":"should list all stored content hashes"},{"ancestorTitles":["AikoRyu Backup System","Content-Addressable Storage (AikoCAS)"],"duration":13,"failureDetails":[],"failureMessages":[],"fullName":"AikoRyu Backup System Content-Addressable Storage (AikoCAS) should delete content by hash","invocations":1,"location":{"column":5,"line":79},"numPassingAsserts":3,"retryReasons":[],"status":"passed","title":"should delete content by hash"},{"ancestorTitles":["AikoRyu Backup System","Content-Addressable Storage (AikoCAS)"],"duration":38,"failureDetails":[],"failureMessages":[],"fullName":"AikoRyu Backup System Content-Addressable Storage (AikoCAS) should handle duplicate content with same hash","invocations":1,"location":{"column":5,"line":90},"numPassingAsserts":2,"retryReasons":[],"status":"passed","title":"should handle duplicate content with same hash"},{"ancestorTitles":["AikoRyu Backup System","Metadata DAG (RyuMetadataDAG)"],"duration":24,"failureDetails":[],"failureMessages":[],"fullName":"AikoRyu Backup System Metadata DAG (RyuMetadataDAG) should create snapshots with DAG metadata","invocations":1,"location":{"column":5,"line":102},"numPassingAsserts":6,"retryReasons":[],"status":"passed","title":"should create snapshots with DAG metadata"},{"ancestorTitles":["AikoRyu Backup System","Metadata DAG (RyuMetadataDAG)"],"duration":36,"failureDetails":[],"failureMessages":[],"fullName":"AikoRyu Backup System Metadata DAG (RyuMetadataDAG) should validate consensus for DAG snapshots","invocations":1,"location":{"column":5,"line":163},"
[...]
\n        at JSON.parse (<anonymous>)\n\u001b[2m\u001b[22m\n\u001b[2m    \u001b[0m \u001b[90m 382 |\u001b[39m       }\u001b[22m\n\u001b[2m     \u001b[90m 383 |\u001b[39m\u001b[22m\n\u001b[2m    \u001b[31m\u001b[1m>\u001b[22m\u001b[2m\u001b[39m\u001b[90m 384 |\u001b[39m       \u001b[36mconst\u001b[39m data \u001b[33m=\u001b[39m \u001b[36mawait\u001b[39m response\u001b[33m.\u001b[39mjson() \u001b[36mas\u001b[39m \u001b[33mRecord\u001b[39m\u001b[33m<\u001b[39m\u001b[33mstring\u001b[39m\u001b[33m,\u001b[39m unknown\u001b[33m>\u001b[39m\u001b[33m;\u001b[39m\u001b[22m\n\u001b[2m     \u001b[90m     |\u001b[39m                    \u001b[31m\u001b[1m^\u001b[22m\u001b[2m\u001b[39m\u001b[22m\n\u001b[2m     \u001b[90m 385 |\u001b[39m       \u001b[36mthis\u001b[39m\u001b[33m.\u001b[39mloadedModels\u001b[33m.\u001b[39madd(modelName)\u001b[33m;\u001b[39m\u001b[22m\n\u001b[2m     \u001b[90m 386 |\u001b[39m       \u001b[22m\n\u001b[2m     \u001b[90m 387 |\u001b[39m       \u001b[36mconst\u001b[39m result\u001b[33m:\u001b[39m \u001b[33mModelLoadResult\u001b[39m \u001b[33m=\u001b[39m {\u001b[0m\u001b[22m\n\u001b[2m\u001b[22m\n\u001b[2m      \u001b[2mat SarahAgent.loadModel (\u001b[22m\u001b[2msrc/agents/SarahAgent.ts\u001b[2m:384:20)\u001b[22m\u001b[2m\u001b[22m\n\u001b[2m      \u001b[2mat SarahAgent.initialize (\u001b[22m\u001b[2msrc/agents/SarahAgent.ts\u001b[2m:182:5)\u001b[22m\u001b[2m\u001b[22m\n\u001b[2m      \u001b[2mat Object.<anonymous> (\u001b[22m\u001b[2m\u001b[0m\u001b[36mtest/ollama-integration.test.ts\u001b[39m\u001b[0m\u001b[2m:42:5)\u001b[22m\u001b[2m\u001b[22m\n\n\u001b[1m\u001b[31m  \u001b[1m● \u001b[22m\u001b[1mOllama Integration Tests › Performance Benchmarking › should maintain performance under load\u001b[39m\u001b[22m\n\n    SyntaxError: Unexpected non-whitespace character after JSON at position 30\n        at JSON.parse (<anonymous>)\n\u001b[2m\u001b[22m\n\u001b[2m    \u001b[0m \u001b[90m 382 |\u001b[39m       }\u001b[22m\n\u001b[2m     \u001b[90m 383 |\u001b[39m\u001b[22m\n\u001b[2m    \u001b[31m\u001b[1m>\u001b[22m\u001b[2m\u001b[39m\u001b[90m 384 |\u001b[39m       \u001b[36mconst\u001b[39m data \u001b[33m=\u001b[39m \u001b[36mawait\u001b[39m response\u001b[33m.\u001b[39mjson() \u001b[36mas\u001b[39m \u001b[33mRecord\u001b[39m\u001b[33m<\u001b[39m\u001b[33mstring\u001b[39m\u001b[33m,\u001b[39m unknown\u001b[33m>\u001b[39m\u001b[33m;\u001b[39m\u001b[22m\n\u001b[2m     \u001b[90m     |\u001b[39m                    \u001b[31m\u001b[1m^\u001b[22m\u001b[2m\u001b[39m\u001b[22m\n\u001b[2m     \u001b[90m 385 |\u001b[39m       \u001b[36mthis\u001b[39m\u001b[33m.\u001b[39mloadedModels\u001b[33m.\u001b[39madd(modelName)\u001b[33m;\u001b[39m\u001b[22m\n\u001b[2m     \u001b[90m 386 |\u001b[39m       \u001b[22m\n\u001b[2m     \u001b[90m 387 |\u001b[39m       \u001b[36mconst\u001b[39m result\u001b[33m:\u001b[39m \u001b[33mModelLoadResult\u001b[39m \u001b[33m=\u001b[39m {\u001b[0m\u001b[22m\n\u001b[2m\u001b[22m\n\u001b[2m      \u001b[2mat SarahAgent.loadModel (\u001b[22m\u001b[2msrc/agents/SarahAgent.ts\u001b[2m:384:20)\u001b[22m\u001b[2m\u001b[22m\n\u001b[2m      \u001b[2mat SarahAgent.initialize (\u001b[22m\u001b[2msrc/agents/SarahAgent.ts\u001b[2m:182:5)\u001b[22m\u001b[2m\u001b[22m\n\u001b[2m      \u001b[2mat Object.<anonymous> (\u001b[22m\u001b[2m\u001b[0m\u001b[36mtest/ollama-integration.test.ts\u001b[39m\u001b[0m\u001b[2m:42:5)\u001b[22m\u001b[2m\u001b[22m\n\n\u001b[1m\u001b[31m  \u001b[1m● \u001b[22m\u001b[1mOllama Integration Tests › DDD/SDD Alignment › should validate specifications correctly\u001b[39m\u001b[22m\n\n    SyntaxError: Unexpected non-whitespace character after JSON at position 30\n        at JSON.parse (<anonymous>)\n\u001b[2m\u001b[22m\n\u001b[2m    \u001b[0m \u001b[90m 382 |\u001b[39m       }\u001b[22m\n\u001b[2m     \u001b[90m 383 |\u001b[39m\u001b[22m\n\u001b[2m    \u001b[31m\u001b[1m>\u001b[22m\u001b[2m\u001b[39m\u001b[90m 384 |\u001b[39m       \u001b[36mconst\u001b[39m data \u001b[33m=\u001b[39m \u001b[36mawait\u001b[39m response\u001b[33m.\u001b[39mjson() \u001b[36mas\u001b[39m \u001b[33mRecord\u001b[39m\u001b[33m<\u001b[39m\u001b[33mstring\u001b[39m\u001b[33m,\u001b[39m unknown\u001b[33m>\u001b[39m\u001b[33m;\u001b[39m\u001b[22m\n\u001b[2m     \u001b[90m     |\u001b[39m                    \u001b[31m\u001b[1m^\u001b[22m\u001b[2m\u001b[39m\u001b[22m\n\u001b[2m     \u001b[90m 385 |\u001b[39m       \u001b[36mthis\u001b[39m\u001b[33m.\u001b[39mloadedModels\u001b[33m.\u001b[39madd(modelName)\u001b[33m;\u001b[39m\u001b[22m\n\u001b[2m     \u001b[90m 386 |\u001b[39m       \u001b[22m\n\u001b[2m     \u001b[90m 387 |\u001b[39m       \u001b[36mconst\u001b[39m result\u001b[33m:\u001b[39m \u001b[33mModelLoadResult\u001b[39m \u001b[33m=\u001b[39m {\u001b[0m\u001b[22m\n\u001b[2m\u001b[22m\n\u001b[2m      \u001b[2mat SarahAgent.loadModel (\u001b[22m\u001b[2msrc/agents/SarahAgent.ts\u001b[2m:384:20)\u001b[22m\u001b[2m\u001b[22m\n\u001b[2m      \u001b[2mat SarahAgent.initialize (\u001b[22m\u001b[2msrc/agents/SarahAgent.ts\u001b[2m:182:5)\u001b[22m\u001b[2m\u001b[22m\n\u001b[2m      \u001b[2mat Object.<anonymous> (\u001b[22m\u001b[2m\u001b[0m\u001b[36mtest/ollama-integration.test.ts\u001b[39m\u001b[0m\u001b[2m:42:5)\u001b[22m\u001b[2m\u001b[22m\n\n\u001b[1m\u001b[31m  \u001b[1m● \u001b[22m\u001b[1mOllama Integration Tests › DDD/SDD Alignment › should generate design artifacts\u001b[39m\u001b[22m\n\n    SyntaxError: Unexpected non-whitespace character after JSON at position 30\n        at JSON.parse (<anonymous>)\n\u001b[2m\u001b[22m\n\u001b[2m    \u001b[0m \u001b[90m 382 |\u001b[39m       }\u001b[22m\n\u001b[2m     \u001b[90m 383 |\u001b[39m\u001b[22m\n\u001b[2m    \u001b[31m\u001b[1m>\u001b[22m\u001b[2m\u001b[39m\u001b[90m 384 |\u001b[39m       \u001b[36mconst\u001b[39m data \u001b[33m=\u001b[39m \u001b[36mawait\u001b[39m response\u001b[33m.\u001b[39mjson() \u001b[36mas\u001b[39m \u001b[33mRecord\u001b[39m\u001b[33m<\u001b[39m\u001b[33mstring\u001b[39m\u001b[33m,\u001b[39m unknown\u001b[33m>\u001b[39m\u001b[33m;\u001b[39m\u001b[22m\n\u001b[2m     \u001b[90m     |\u001b[39m                    \u001b[31m\u001b[1m^\u001b[22m\u001b[2m\u001b[39m\u001b[22m\n\u001b[2m     \u001b[90m 385 |\u001b[39m       \u001b[36mthis\u001b[39m\u001b[33m.\u001b[39mloadedModels\u001b[33m.\u001b[39madd(modelName)\u001b[33m;\u001b[39m\u001b[22m\n\u001b[2m     \u001b[90m 386 |\u001b[39m       \u001b[22m\n\u001b[2m     \u001b[90m 387 |\u001b[39m       \u001b[36mconst\u001b[39m result\u001b[33m:\u001b[39m \u001b[33mModelLoadResult\u001b[39m \u001b[33m=\u001b[39m {\u001b[0m\u001b[22m\n\u001b[2m\u001b[22m\n\u001b[2m      \u001b[2mat SarahAgent.loadModel (\u001b[22m\u001b[2msrc/agents/SarahAgent.ts\u001b[2m:384:20)\u001b[22m\u001b[2m\u001b[22m\n\u001b[2m      \u001b[2mat SarahAgent.initialize (\u001b[22m\u001b[2msrc/agents/SarahAgent.ts\u001b[2m:182:5)\u001b[22m\u001b[2m\u001b[22m\n\u001b[2m      \u001b[2mat Object.<anonymous> (\u001b[22m\u001b[2m\u001b[0m\u001b[36mtest/ollama-integration.test.ts\u001b[39m\u001b[0m\u001b[2m:42:5)\u001b[22m\u001b[2m\u001b[22m\n\n\u001b[1m\u001b[31m  \u001b[1m● \u001b[22m\u001b[1mOllama Integration Tests › DDD/SDD Alignment › should track user interactions\u001b[39m\u001b[22m\n\n    SyntaxError: Unexpected non-whitespace character after JSON at position 30\n        at JSON.parse (<anonymous>)\n\u001b[2m\u001b[22m\n\u001b[2m    \u001b[0m \u001b[90m 382 |\u001b[39m       }\u001b[22m\n\u001b[2m     \u001b[90m 383 |\u001b[39m\u001b[22m\n\u001b[2m    \u001b[31m\u001b[1m>\u001b[22m\u001b[2m\u001b[39m\u001b[90m 384 |\u001b[39m       \u001b[36mconst\u001b[39m data \u001b[33m=\u001b[39m \u001b[36mawait\u001b[39m response\u001b[33m.\u001b[39mjson() \u001b[36mas\u001b[39m \u001b[33mRecord\u001b[39m\u001b[33m<\u001b[39m\u001b[33mstring\u001b[39m\u001b[33m,\u001b[39m unknown\u001b[33m>\u001b[39m\u001b[33m;\u001b[39m\u001b[22m\n\u001b[2m     \u001b[90m     |\u001b[39m                    \u001b[31m\u001b[1m^\u001b[22m\u001b[2m\u001b[39m\u001b[22m\n\u001b[2m     \u001b[90m 385 |\u001b[39m       \u001b[36mthis\u001b[39m\u001b[33m.\u001b[39mloadedModels\u001b[33m.\u001b[39madd(modelName)\u001b[33m;\u001b[39m\u001b[22m\n\u001b[2m     \u001b[90m 386 |\u001b[39m       \u001b[22m\n\u001b[2m     \u001b[90m 387 |\u001b[39m       \u001b[36mconst\u001b[39m result\u001b[33m:\u001b[39m \u001b[33mModelLoadResult\u001b[39m \u001b[33m=\u001b[39m {\u001b[0m\u001b[22m\n\u001b[2m\u001b[22m\n\u001b[2m      \u001b[2mat SarahAgent.loadModel (\u001b[22m\u001b[2msrc/agents/SarahAgent.ts\u001b[2m:384:20)\u001b[22m\u001b[2m\u001b[22m\n\u001b[2m      \u001b[2mat SarahAgent.initialize (\u001b[22m\u001b[2msrc/agents/SarahAgent.ts\u001b[2m:182:5)\u001b[22m\u001b[2m\u001b[22m\n\u001b[2m      \u001b[2mat Object.<anonymous> (\u001b[22m\u001b[2m\u001b[0m\u001b[36mtest/ollama-integration.test.ts\u001b[39m\u001b[0m\u001b[2m:42:5)\u001b[22m\u001b[2m\u001b[22m\n\n\u001b[1m\u001b[31m  \u001b[1m● \u001b[22m\u001b[1mOllama Integration Tests › Integration with AikoRyu System › should follow AgentContract interface\u001b[39m\u001b[22m\n\n    SyntaxError: Unexpected non-whitespace character after JSON at position 30\n        at JSON.parse (<anonymous>)\n\u001b[2m\u001b[22m\n\u001b[2m    \u001b[0m \u001b[90m 382 |\u001b[39m       }\u001b[22m\n\u001b[2m     \u001b[90m 383 |\u001b[39m\u001b[22m\n\u001b[2m    \u001b[31m\u001b[1m>\u001b[22m\u001b[2m\u001b[39m\u001b[90m 384 |\u001b[39m       \u001b[36mconst\u001b[39m data \u001b[33m=\u001b[39m \u001b[36mawait\u001b[39m response\u001b[33m.\u001b[39mjson() \u001b[36mas\u001b[39m \u001b[33mRecord\u001b[39m\u001b[33m<\u001b[39m\u001b[33mstring\u001b[39m\u001b[33m,\u001b[39m unknown\u001b[33m>\u001b[39m\u001b[33m;\u001b[39m\u001b[22m\n\u001b[2m     \u001b[90m     |\u001b[39m                    \u001b[31m\u001b[1m^\u001b[22m\u001b[2m\u001b[39m\u001b[22m\n\u001b[2m     \u001b[90m 385 |\u001b[39m       \u001b[36mthis\u001b[39m\u001b[33m.\u001b[39mloadedModels\u001b[33m.\u001b[39madd(modelName)\u001b[33m;\u001b[39m\u001b[22m\n\u001b[2m     \u001b[90m 386 |\u001b[39m       \u001b[22m\n\u001b[2m     \u001b[90m 387 |\u001b[39m       \u001b[36mconst\u001b[39m result\u001b[33m:\u001b[39m \u001b[33mModelLoadResult\u001b[39m \u001b[33m=\u001b[39m {\u001b[0m\u001b[22m\n\u001b[2m\u001b[22m\n\u001b[2m      \u001b[2mat SarahAgent.loadModel (\u001b[22m\u001b[2msrc/agents/SarahAgent.ts\u001b[2m:384:20)\u001b[22m\u001b[2m\u001b[22m\n\u001b[2m      \u001b[2mat SarahAgent.initialize (\u001b[22m\u001b[2msrc/agents/SarahAgent.ts\u001b[2m:182:5)\u001b[22m\u001b[2m\u001b[22m\n\u001b[2m      \u001b[2mat Object.<anonymous> (\u001b[22m\u001b[2m\u001b[0m\u001b[36mtest/ollama-integration.test.ts\u001b[39m\u001b[0m\u001b[2m:42:5)\u001b[22m\u001b[2m\u001b[22m\n\n\u001b[1m\u001b[31m  \u001b[1m● \u001b[22m\u001b[1mOllama Integration Tests › Integration with AikoRyu System › should emit trace events\u001b[39m\u001b[22m\n\n    SyntaxError: Unexpected non-whitespace character after JSON at position 30\n        at JSON.parse (<anonymous>)\n\u001b[2m\u001b[22m\n\u001b[2m    \u001b[0m \u001b[90m 382 |\u001b[39m       }\u001b[22m\n\u001b[2m     \u001b[90m 383 |\u001b[39m\u001b[22m\n\u001b[2m    \u001b[31m\u001b[1m>\u001b[22m\u001b[2m\u001b[39m\u001b[90m 384 |\u001b[39m       \u001b[36mconst\u001b[39m data \u001b[33m=\u001b[39m \u001b[36mawait\u001b[39m response\u001b[33m.\u001b[39mjson() \u001b[36mas\u001b[39m \u001b[33mRecord\u001b[39m\u001b[33m<\u001b[39m\u001b[33mstring\u001b[39m\u001b[33m,\u001b[39m unknown\u001b[33m>\u001b[39m\u001b[33m;\u001b[39m\u001b[22m\n\u001b[2m     \u001b[90m     |\u001b[39m                    \u001b[31m\u001b[1m^\u001b[22m\u001b[2m\u001b[39m\u001b[22m\n\u001b[2m     \u001b[90m 385 |\u001b[39m       \u001b[36mthis\u001b[39m\u001b[33m.\u001b[39mloadedModels\u001b[33m.\u001b[39madd(modelName)\u001b[33m;\u001b[39m\u001b[22m\n\u001b[2m     \u001b[90m 386 |\u001b[39m       \u001b[22m\n\u001b[2m     \u001b[90m 387 |\u001b[39m       \u001b[36mconst\u001b[39m result\u001b[33m:\u001b[39m \u001b[33mModelLoadResult\u001b[39m \u001b[33m=\u001b[39m {\u001b[0m\u001b[22m\n\u001b[2m\u001b[22m\n\u001b[2m      \u001b[2mat SarahAgent.loadModel (\u001b[22m\u001b[2msrc/agents/SarahAgent.ts\u001b[2m:384:20)\u001b[22m\u001b[2m\u001b[22m\n\u001b[2m      \u001b[2mat SarahAgent.initialize (\u001b[22m\u001b[2msrc/agents/SarahAgent.ts\u001b[2m:182:5)\u001b[22m\u001b[2m\u001b[22m\n\u001b[2m      \u001b[2mat Object.<anonymous> (\u001b[22m\u001b[2m\u001b[0m\u001b[36mtest/ollama-integration.test.ts\u001b[39m\u001b[0m\u001b[2m:42:5)\u001b[22m\u001b[2m\u001b[22m\n\n\u001b[1m\u001b[31m  \u001b[1m● \u001b[22m\u001b[1mOllama Integration Tests › Integration with AikoRyu System › should handle system events\u001b[39m\u001b[22m\n\n    SyntaxError: Unexpected non-whitespace character after JSON at position 30\n        at JSON.parse (<anonymous>)\n\u001b[2m\u001b[22m\n\u001b[2m    \u001b[0m \u001b[90m 382 |\u001b[39m       }\u001b[22m\n\u001b[2m     \u001b[90m 383 |\u001b[39m\u001b[22m\n\u001b[2m    \u001b[31m\u001b[1m>\u001b[22m\u001b[2m\u001b[39m\u001b[90m 384 |\u001b[39m       \u001b[36mconst\u001b[39m data \u001b[33m=\u001b[39m \u001b[36mawait\u001b[39m response\u001b[33m.\u001b[39mjson() \u001b[36mas\u001b[39m \u001b[33mRecord\u001b[39m\u001b[33m<\u001b[39m\u001b[33mstring\u001b[39m\u001b[33m,\u001b[39m unknown\u001b[33m>\u001b[39m\u001b[33m;\u001b[39m\u001b[22m\n\u001b[2m     \u001b[90m     |\u001b[39m                    \u001b[31m\u001b[1m^\u001b[22m\u001b[2m\u001b[39m\u001b[22m\n\u001b[2m     \u001b[90m 385 |\u001b[39m       \u001b[36mthis\u001b[39m\u001b[33m.\u001b[39mloadedModels\u001b[33m.\u001b[39madd(modelName)\u001b[33m;\u001b[39m\u001b[22m\n\u001b[2m     \u001b[90m 386 |\u001b[39m       \u001b[22m\n\u001b[2m     \u001b[90m 387 |\u001b[39m       \u001b[36mconst\u001b[39m result\u001b[33m:\u001b[39m \u001b[33mModelLoadResult\u001b[39m \u001b[33m=\u001b[39m {\u001b[0m\u001b[22m\n\u001b[2m\u001b[22m\n\u001b[2m      \u001b[2mat SarahAgent.loadModel (\u001b[22m\u001b[2msrc/agents/SarahAgent.ts\u001b[2m:384:20)\u001b[22m\u001b[2m\u001b[22m\n\u001b[2m      \u001b[2mat SarahAgent.initialize (\u001b[22m\u001b[2msrc/agents/SarahAgent.ts\u001b[2m:182:5)\u001b[22m\u001b[2m\u001b[22m\n\u001b[2m      \u001b[2mat Object.<anonymous> (\u001b[22m\u001b[2m\u001b[0m\u001b[36mtest/ollama-integration.test.ts\u001b[39m\u001b[0m\u001b[2m:42:5)\u001b[22m\u001b[2m\u001b[22m\n\n\u001b[1m\u001b[31m  \u001b[1m● \u001b[22m\u001b[1mOllama Performance Stress Tests › should handle high-volume concurrent queries\u001b[39m\u001b[22m\n\n    SyntaxError: Unexpected non-whitespace character after JSON at position 30\n        at JSON.parse (<anonymous>)\n\u001b[2m\u001b[22m\n\u001b[2m    \u001b[0m \u001b[90m 382 |\u001b[39m       }\u001b[22m\n\u001b[2m     \u001b[90m 383 |\u001b[39m\u001b[22m\n\u001b[2m    \u001b[31m\u001b[1m>\u001b[22m\u001b[2m\u001b[39m\u001b[90m 384 |\u001b[39m       \u001b[36mconst\u001b[39m data \u001b[33m=\u001b[39m \u001b[36mawait\u001b[39m response\u001b[33m.\u001b[39mjson() \u001b[36mas\u001b[39m \u001b[33mRecord\u001b[39m\u001b[33m<\u001b[39m\u001b[33mstring\u001b[39m\u001b[33m,\u001b[39m unknown\u001b[33m>\u001b[39m\u001b[33m;\u001b[39m\u001b[22m\n\u001b[2m     \u001b[90m     |\u001b[39m                    \u001b[31m\u001b[1m^\u001b[22m\u001b[2m\u001b[39m\u001b[22m\n\u001b[2m     \u001b[90m 385 |\u001b[39m       \u001b[36mthis\u001b[39m\u001b[33m.\u001b[39mloadedModels\u001b[33m.\u001b[39madd(modelName)\u001b[33m;\u001b[39m\u001b[22m\n\u001b[2m     \u001b[90m 386 |\u001b[39m       \u001b[22m\n\u001b[2m     \u001b[90m 387 |\u001b[39m       \u001b[36mconst\u001b[39m result\u001b[33m:\u001b[39m \u001b[33mModelLoadResult\u001b[39m \u001b[33m=\u001b[39m {\u001b[0m\u001b[22m\n\u001b[2m\u001b[22m\n\u001b[2m      \u001b[2mat SarahAgent.loadModel (\u001b[22m\u001b[2msrc/agents/SarahAgent.ts\u001b[2m:384:20)\u001b[22m\u001b[2m\u001b[22m\n\u001b[2m      \u001b[2mat SarahAgent.initialize (\u001b[22m\u001b[2msrc/agents/SarahAgent.ts\u001b[2m:182:5)\u001b[22m\u001b[2m\u001b[22m\n\u001b[2m      \u001b[2mat Object.<anonymous> (\u001b[22m\u001b[2m\u001b[0m\u001b[36mtest/ollama-integration.test.ts\u001b[39m\u001b[0m\u001b[2m:432:5)\u001b[22m\u001b[2m\u001b[22m\n\n\u001b[1m\u001b[31m  \u001b[1m● \u001b[22m\u001b[1mOllama Performance Stress Tests › should maintain response quality under load\u001b[39m\u001b[22m\n\n    SyntaxError: Unexpected non-whitespace character after JSON at position 30\n        at JSON.parse (<anonymous>)\n\u001b[2m\u001b[22m\n\u001b[2m    \u001b[0m \u001b[90m 382 |\u001b[39m       }\u001b[22m\n\u001b[2m     \u001b[90m 383 |\u001b[39m\u001b[22m\n\u001b[2m    \u001b[31m\u001b[1m>\u001b[22m\u001b[2m\u001b[39m\u001b[90m 384 |\u001b[39m       \u001b[36mconst\u001b[39m data \u001b[33m=\u001b[39m \u001b[36mawait\u001b[39m response\u001b[33m.\u001b[39mjson() \u001b[36mas\u001b[39m \u001b[33mRecord\u001b[39m\u001b[33m<\u001b[39m\u001b[33mstring\u001b[39m\u001b[33m,\u001b[39m unknown\u001b[33m>\u001b[39m\u001b[33m;\u001b[39m\u001b[22m\n\u001b[2m     \u001b[90m     |\u001b[39m                    \u001b[31m\u001b[1m^\u001b[22m\u001b[2m\u001b[39m\u001b[22m\n\u001b[2m     \u001b[90m 385 |\u001b[39m       \u001b[36mthis\u001b[39m\u001b[33m.\u001b[39mloadedModels\u001b[33m.\u001b[39madd(modelName)\u001b[33m;\u001b[39m\u001b[22m\n\u001b[2m     \u001b[90m 386 |\u001b[39m       \u001b[22m\n\u001b[2m     \u001b[90m 387 |\u001b[39m       \u001b[36mconst\u001b[39m result\u001b[33m:\u001b[39m \u001b[33mModelLoadResult\u001b[39m \u001b[33m=\u001b[39m {\u001b[0m\u001b[22m\n\u001b[2m\u001b[22m\n\u001b[2m      \u001b[2mat SarahAgent.loadModel (\u001b[22m\u001b[2msrc/agents/SarahAgent.ts\u001b[2m:384:20)\u001b[22m\u001b[2m\u001b[22m\n\u001b[2m      \u001b[2mat SarahAgent.initialize (\u001b[22m\u001b[2msrc/agents/SarahAgent.ts\u001b[2m:182:5)\u001b[22m\u001b[2m\u001b[22m\n\u001b[2m      \u001b[2mat Object.<anonymous> (\u001b[22m\u001b[2m\u001b[0m\u001b[36mtest/ollama-integration.test.ts\u001b[39m\u001b[0m\u001b[2m:432:5)\u001b[22m\u001b[2m\u001b[22m\n\n\u001b[1m\u001b[31m  \u001b[1m● \u001b[22m\u001b[1mOllama Performance Stress Tests › should handle model switching efficiently\u001b[39m\u001b[22m\n\n    SyntaxError: Unexpected non-whitespace character after JSON at position 30\n        at JSON.parse (<anonymous>)\n\u001b[2m\u001b[22m\n\u001b[2m    \u001b[0m \u001b[90m 382 |\u001b[39m       }\u001b[22m\n\u001b[2m     \u001b[90m 383 |\u001b[39m\u001b[22m\n\u001b[2m    \u001b[31m\u001b[1m>\u001b[22m\u001b[2m\u001b[39m\u001b[90m 384 |\u001b[39m       \u001b[36mconst\u001b[39m data \u001b[33m=\u001b[39m \u001b[36mawait\u001b[39m response\u001b[33m.\u001b[39mjson() \u001b[36mas\u001b[39m \u001b[33mRecord\u001b[39m\u001b[33m<\u001b[39m\u001b[33mstring\u001b[39m\u001b[33m,\u001b[39m unknown\u001b[33m>\u001b[39m\u001b[33m;\u001b[39m\u001b[22m\n\u001b[2m     \u001b[90m     |\u001b[39m                    \u001b[31m\u001b[1m^\u001b[22m\u001b[2m\u001b[39m\u001b[22m\n\u001b[2m     \u001b[90m 385 |\u001b[39m       \u001b[36mthis\u001b[39m\u001b[33m.\u001b[39mloadedModels\u001b[33m.\u001b[39madd(modelName)\u001b[33m;\u001b[39m\u001b[22m\n\u001b[2m     \u001b[90m 386 |\u001b[39m       \u001b[22m\n\u001b[2m     \u001b[90m 387 |\u001b[39m       \u001b[36mconst\u001b[39m result\u001b[33m:\u001b[39m \u001b[33mModelLoadResult\u001b[39m \u001b[33m=\u001b[39m {\u001b[0m\u001b[22m\n\u001b[2m\u001b[22m\n\u001b[2m      \u001b[2mat SarahAgent.loadModel (\u001b[22m\u001b[2msrc/agents/SarahAgent.ts\u001b[2m:384:20)\u001b[22m\u001b[2m\u001b[22m\n\u001b[2m      \u001b[2mat SarahAgent.initialize (\u001b[22m\u001b[2msrc/agents/SarahAgent.ts\u001b[2m:182:5)\u001b[22m\u001b[2m\u001b[22m\n\u001b[2m      \u001b[2mat Object.<anonymous> (\u001b[22m\u001b[2m\u001b[0m\u001b[36mtest/ollama-integration.test.ts\u001b[39m\u001b[0m\u001b[2m:432:5)\u001b[22m\u001b[2m\u001b[22m\n","name":"C:\\Users\\victo\\projeto\\SaaS Workflow\\Test3\\test\\ollama-integration.test.ts","startTime":1752819019475,"status":"failed","summary":""}],"wasInterrupted":false}
